[2019-04-15T21:43:25.888] [INFO] access - ::1 - - "GET / HTTP/1.1" 200 951 "" "Mozilla/5.0 (Macintosh; Intel Mac OS X 10_14_3) AppleWebKit/537.36 (KHTML, like Gecko) Chrome/73.0.3683.86 Safari/537.36"
[2019-04-15T21:43:26.062] [INFO] access - ::1 - - "GET /styles/common.css HTTP/1.1" 200 78 "http://localhost:8888/" "Mozilla/5.0 (Macintosh; Intel Mac OS X 10_14_3) AppleWebKit/537.36 (KHTML, like Gecko) Chrome/73.0.3683.86 Safari/537.36"
[2019-04-15T21:43:26.064] [INFO] access - ::1 - - "GET /styles/index.css HTTP/1.1" 200 - "http://localhost:8888/" "Mozilla/5.0 (Macintosh; Intel Mac OS X 10_14_3) AppleWebKit/537.36 (KHTML, like Gecko) Chrome/73.0.3683.86 Safari/537.36"
[2019-04-15T21:43:33.578] [INFO] access - ::1 - - "GET /addUser HTTP/1.1" 200 1834 "" "Mozilla/5.0 (Macintosh; Intel Mac OS X 10_14_3) AppleWebKit/537.36 (KHTML, like Gecko) Chrome/73.0.3683.86 Safari/537.36"
[2019-04-15T21:43:33.629] [INFO] access - ::1 - - "GET /styles/common.css HTTP/1.1" 200 78 "http://localhost:8888/addUser" "Mozilla/5.0 (Macintosh; Intel Mac OS X 10_14_3) AppleWebKit/537.36 (KHTML, like Gecko) Chrome/73.0.3683.86 Safari/537.36"
[2019-04-15T21:43:33.631] [INFO] access - ::1 - - "GET /styles/user.css HTTP/1.1" 200 - "http://localhost:8888/addUser" "Mozilla/5.0 (Macintosh; Intel Mac OS X 10_14_3) AppleWebKit/537.36 (KHTML, like Gecko) Chrome/73.0.3683.86 Safari/537.36"
[2019-04-15T21:43:35.544] [INFO] access - ::1 - - "GET /styles/common.css HTTP/1.1" 200 78 "http://localhost:8888/addUser" "Mozilla/5.0 (Macintosh; Intel Mac OS X 10_14_3) AppleWebKit/537.36 (KHTML, like Gecko) Chrome/73.0.3683.86 Safari/537.36"
[2019-04-15T21:43:35.544] [INFO] access - ::1 - - "GET /styles/user.css HTTP/1.1" 200 - "http://localhost:8888/addUser" "Mozilla/5.0 (Macintosh; Intel Mac OS X 10_14_3) AppleWebKit/537.36 (KHTML, like Gecko) Chrome/73.0.3683.86 Safari/537.36"
[2019-04-15T21:43:46.932] [INFO] access - ::1 - - "GET / HTTP/1.1" 200 951 "" "Mozilla/5.0 (Macintosh; Intel Mac OS X 10_14_3) AppleWebKit/537.36 (KHTML, like Gecko) Chrome/73.0.3683.86 Safari/537.36"
[2019-04-15T21:43:47.009] [INFO] access - ::1 - - "GET /styles/common.css HTTP/1.1" 200 78 "http://localhost:8888/" "Mozilla/5.0 (Macintosh; Intel Mac OS X 10_14_3) AppleWebKit/537.36 (KHTML, like Gecko) Chrome/73.0.3683.86 Safari/537.36"
[2019-04-15T21:43:47.011] [INFO] access - ::1 - - "GET /styles/index.css HTTP/1.1" 200 - "http://localhost:8888/" "Mozilla/5.0 (Macintosh; Intel Mac OS X 10_14_3) AppleWebKit/537.36 (KHTML, like Gecko) Chrome/73.0.3683.86 Safari/537.36"
[2019-04-15T21:43:51.652] [INFO] access - ::1 - - "GET /user HTTP/1.1" 200 3030 "" "Mozilla/5.0 (Macintosh; Intel Mac OS X 10_14_3) AppleWebKit/537.36 (KHTML, like Gecko) Chrome/73.0.3683.86 Safari/537.36"
[2019-04-15T21:43:51.690] [INFO] access - ::1 - - "GET /styles/common.css HTTP/1.1" 200 78 "http://localhost:8888/user" "Mozilla/5.0 (Macintosh; Intel Mac OS X 10_14_3) AppleWebKit/537.36 (KHTML, like Gecko) Chrome/73.0.3683.86 Safari/537.36"
[2019-04-15T21:43:51.698] [INFO] access - ::1 - - "GET /styles/user.css HTTP/1.1" 200 - "http://localhost:8888/user" "Mozilla/5.0 (Macintosh; Intel Mac OS X 10_14_3) AppleWebKit/537.36 (KHTML, like Gecko) Chrome/73.0.3683.86 Safari/537.36"
[2019-04-15T21:44:10.668] [INFO] access - ::1 - - "GET /addUser HTTP/1.1" 200 1834 "" "Mozilla/5.0 (Macintosh; Intel Mac OS X 10_14_3) AppleWebKit/537.36 (KHTML, like Gecko) Chrome/73.0.3683.86 Safari/537.36"
[2019-04-15T21:44:10.735] [INFO] access - ::1 - - "GET /styles/common.css HTTP/1.1" 200 78 "http://localhost:8888/addUser" "Mozilla/5.0 (Macintosh; Intel Mac OS X 10_14_3) AppleWebKit/537.36 (KHTML, like Gecko) Chrome/73.0.3683.86 Safari/537.36"
[2019-04-15T21:44:10.735] [INFO] access - ::1 - - "GET /styles/user.css HTTP/1.1" 200 - "http://localhost:8888/addUser" "Mozilla/5.0 (Macintosh; Intel Mac OS X 10_14_3) AppleWebKit/537.36 (KHTML, like Gecko) Chrome/73.0.3683.86 Safari/537.36"
[2019-04-15T21:44:39.461] [INFO] access - ::1 - - "GET /addUser HTTP/1.1" 200 1868 "" "Mozilla/5.0 (Macintosh; Intel Mac OS X 10_14_3) AppleWebKit/537.36 (KHTML, like Gecko) Chrome/73.0.3683.86 Safari/537.36"
[2019-04-15T21:44:39.498] [INFO] access - ::1 - - "GET /styles/common.css HTTP/1.1" 200 78 "http://localhost:8888/addUser" "Mozilla/5.0 (Macintosh; Intel Mac OS X 10_14_3) AppleWebKit/537.36 (KHTML, like Gecko) Chrome/73.0.3683.86 Safari/537.36"
[2019-04-15T21:44:39.499] [INFO] access - ::1 - - "GET /styles/user.css HTTP/1.1" 200 - "http://localhost:8888/addUser" "Mozilla/5.0 (Macintosh; Intel Mac OS X 10_14_3) AppleWebKit/537.36 (KHTML, like Gecko) Chrome/73.0.3683.86 Safari/537.36"
[2019-04-15T21:44:58.469] [INFO] access - ::1 - - "GET /addUser HTTP/1.1" 200 1868 "" "Mozilla/5.0 (Macintosh; Intel Mac OS X 10_14_3) AppleWebKit/537.36 (KHTML, like Gecko) Chrome/73.0.3683.86 Safari/537.36"
[2019-04-15T21:44:58.510] [INFO] access - ::1 - - "GET /styles/common.css HTTP/1.1" 200 78 "http://localhost:8888/addUser" "Mozilla/5.0 (Macintosh; Intel Mac OS X 10_14_3) AppleWebKit/537.36 (KHTML, like Gecko) Chrome/73.0.3683.86 Safari/537.36"
[2019-04-15T21:44:58.512] [INFO] access - ::1 - - "GET /styles/user.css HTTP/1.1" 200 - "http://localhost:8888/addUser" "Mozilla/5.0 (Macintosh; Intel Mac OS X 10_14_3) AppleWebKit/537.36 (KHTML, like Gecko) Chrome/73.0.3683.86 Safari/537.36"
[2019-04-15T21:44:59.391] [INFO] access - ::1 - - "GET /addUser HTTP/1.1" 200 1868 "" "Mozilla/5.0 (Macintosh; Intel Mac OS X 10_14_3) AppleWebKit/537.36 (KHTML, like Gecko) Chrome/73.0.3683.86 Safari/537.36"
[2019-04-15T21:44:59.448] [INFO] access - ::1 - - "GET /styles/common.css HTTP/1.1" 200 78 "http://localhost:8888/addUser" "Mozilla/5.0 (Macintosh; Intel Mac OS X 10_14_3) AppleWebKit/537.36 (KHTML, like Gecko) Chrome/73.0.3683.86 Safari/537.36"
[2019-04-15T21:44:59.448] [INFO] access - ::1 - - "GET /styles/user.css HTTP/1.1" 200 - "http://localhost:8888/addUser" "Mozilla/5.0 (Macintosh; Intel Mac OS X 10_14_3) AppleWebKit/537.36 (KHTML, like Gecko) Chrome/73.0.3683.86 Safari/537.36"
[2019-04-15T21:46:48.616] [INFO] access - ::1 - - "GET /addUser HTTP/1.1" 200 1864 "" "Mozilla/5.0 (Macintosh; Intel Mac OS X 10_14_3) AppleWebKit/537.36 (KHTML, like Gecko) Chrome/73.0.3683.86 Safari/537.36"
[2019-04-15T21:46:48.894] [INFO] access - ::1 - - "GET /styles/common.css HTTP/1.1" 200 78 "http://localhost:8888/addUser" "Mozilla/5.0 (Macintosh; Intel Mac OS X 10_14_3) AppleWebKit/537.36 (KHTML, like Gecko) Chrome/73.0.3683.86 Safari/537.36"
[2019-04-15T21:46:48.896] [INFO] access - ::1 - - "GET /styles/user.css HTTP/1.1" 200 - "http://localhost:8888/addUser" "Mozilla/5.0 (Macintosh; Intel Mac OS X 10_14_3) AppleWebKit/537.36 (KHTML, like Gecko) Chrome/73.0.3683.86 Safari/537.36"
[2019-04-15T21:47:52.602] [INFO] access - ::1 - - "GET /addUser HTTP/1.1" 200 1869 "" "Mozilla/5.0 (Macintosh; Intel Mac OS X 10_14_3) AppleWebKit/537.36 (KHTML, like Gecko) Chrome/73.0.3683.86 Safari/537.36"
[2019-04-15T21:47:52.645] [INFO] access - ::1 - - "GET /styles/user.css HTTP/1.1" 200 - "http://localhost:8888/addUser" "Mozilla/5.0 (Macintosh; Intel Mac OS X 10_14_3) AppleWebKit/537.36 (KHTML, like Gecko) Chrome/73.0.3683.86 Safari/537.36"
[2019-04-15T21:47:52.650] [INFO] access - ::1 - - "GET /styles/common.css HTTP/1.1" 200 78 "http://localhost:8888/addUser" "Mozilla/5.0 (Macintosh; Intel Mac OS X 10_14_3) AppleWebKit/537.36 (KHTML, like Gecko) Chrome/73.0.3683.86 Safari/537.36"
[2019-04-15T21:48:33.968] [INFO] access - ::1 - - "GET /addUser HTTP/1.1" 200 1878 "" "Mozilla/5.0 (Macintosh; Intel Mac OS X 10_14_3) AppleWebKit/537.36 (KHTML, like Gecko) Chrome/73.0.3683.86 Safari/537.36"
[2019-04-15T21:48:34.002] [INFO] access - ::1 - - "GET /styles/common.css HTTP/1.1" 200 78 "http://localhost:8888/addUser" "Mozilla/5.0 (Macintosh; Intel Mac OS X 10_14_3) AppleWebKit/537.36 (KHTML, like Gecko) Chrome/73.0.3683.86 Safari/537.36"
[2019-04-15T21:48:34.002] [INFO] access - ::1 - - "GET /styles/user.css HTTP/1.1" 200 - "http://localhost:8888/addUser" "Mozilla/5.0 (Macintosh; Intel Mac OS X 10_14_3) AppleWebKit/537.36 (KHTML, like Gecko) Chrome/73.0.3683.86 Safari/537.36"
[2019-04-15T21:49:04.421] [INFO] access - ::1 - - "GET /addUser HTTP/1.1" 200 1877 "" "Mozilla/5.0 (Macintosh; Intel Mac OS X 10_14_3) AppleWebKit/537.36 (KHTML, like Gecko) Chrome/73.0.3683.86 Safari/537.36"
[2019-04-15T21:49:04.595] [INFO] access - ::1 - - "GET /styles/common.css HTTP/1.1" 200 78 "http://localhost:8888/addUser" "Mozilla/5.0 (Macintosh; Intel Mac OS X 10_14_3) AppleWebKit/537.36 (KHTML, like Gecko) Chrome/73.0.3683.86 Safari/537.36"
[2019-04-15T21:49:04.602] [INFO] access - ::1 - - "GET /styles/user.css HTTP/1.1" 200 - "http://localhost:8888/addUser" "Mozilla/5.0 (Macintosh; Intel Mac OS X 10_14_3) AppleWebKit/537.36 (KHTML, like Gecko) Chrome/73.0.3683.86 Safari/537.36"
[2019-04-15T21:49:06.215] [INFO] access - ::1 - - "GET /addUser HTTP/1.1" 200 1877 "" "Mozilla/5.0 (Macintosh; Intel Mac OS X 10_14_3) AppleWebKit/537.36 (KHTML, like Gecko) Chrome/73.0.3683.86 Safari/537.36"
[2019-04-15T21:49:06.262] [INFO] access - ::1 - - "GET /styles/common.css HTTP/1.1" 200 78 "http://localhost:8888/addUser" "Mozilla/5.0 (Macintosh; Intel Mac OS X 10_14_3) AppleWebKit/537.36 (KHTML, like Gecko) Chrome/73.0.3683.86 Safari/537.36"
[2019-04-15T21:49:06.263] [INFO] access - ::1 - - "GET /styles/user.css HTTP/1.1" 200 - "http://localhost:8888/addUser" "Mozilla/5.0 (Macintosh; Intel Mac OS X 10_14_3) AppleWebKit/537.36 (KHTML, like Gecko) Chrome/73.0.3683.86 Safari/537.36"
[2019-04-15T21:49:47.189] [INFO] access - ::1 - - "GET /addUser HTTP/1.1" 200 1875 "" "Mozilla/5.0 (Macintosh; Intel Mac OS X 10_14_3) AppleWebKit/537.36 (KHTML, like Gecko) Chrome/73.0.3683.86 Safari/537.36"
[2019-04-15T21:49:47.228] [INFO] access - ::1 - - "GET /styles/common.css HTTP/1.1" 200 78 "http://localhost:8888/addUser" "Mozilla/5.0 (Macintosh; Intel Mac OS X 10_14_3) AppleWebKit/537.36 (KHTML, like Gecko) Chrome/73.0.3683.86 Safari/537.36"
[2019-04-15T21:49:47.231] [INFO] access - ::1 - - "GET /styles/user.css HTTP/1.1" 200 - "http://localhost:8888/addUser" "Mozilla/5.0 (Macintosh; Intel Mac OS X 10_14_3) AppleWebKit/537.36 (KHTML, like Gecko) Chrome/73.0.3683.86 Safari/537.36"
[2019-04-15T21:50:27.064] [INFO] access - ::1 - - "GET /addUser HTTP/1.1" 200 1938 "" "Mozilla/5.0 (Macintosh; Intel Mac OS X 10_14_3) AppleWebKit/537.36 (KHTML, like Gecko) Chrome/73.0.3683.86 Safari/537.36"
[2019-04-15T21:50:27.106] [INFO] access - ::1 - - "GET /styles/common.css HTTP/1.1" 200 78 "http://localhost:8888/addUser" "Mozilla/5.0 (Macintosh; Intel Mac OS X 10_14_3) AppleWebKit/537.36 (KHTML, like Gecko) Chrome/73.0.3683.86 Safari/537.36"
[2019-04-15T21:50:27.107] [INFO] access - ::1 - - "GET /styles/user.css HTTP/1.1" 200 - "http://localhost:8888/addUser" "Mozilla/5.0 (Macintosh; Intel Mac OS X 10_14_3) AppleWebKit/537.36 (KHTML, like Gecko) Chrome/73.0.3683.86 Safari/537.36"
[2019-04-15T21:50:28.184] [INFO] access - ::1 - - "GET /addUser HTTP/1.1" 200 1938 "" "Mozilla/5.0 (Macintosh; Intel Mac OS X 10_14_3) AppleWebKit/537.36 (KHTML, like Gecko) Chrome/73.0.3683.86 Safari/537.36"
[2019-04-15T21:50:28.210] [INFO] access - ::1 - - "GET /styles/common.css HTTP/1.1" 200 78 "http://localhost:8888/addUser" "Mozilla/5.0 (Macintosh; Intel Mac OS X 10_14_3) AppleWebKit/537.36 (KHTML, like Gecko) Chrome/73.0.3683.86 Safari/537.36"
[2019-04-15T21:50:28.211] [INFO] access - ::1 - - "GET /styles/user.css HTTP/1.1" 200 - "http://localhost:8888/addUser" "Mozilla/5.0 (Macintosh; Intel Mac OS X 10_14_3) AppleWebKit/537.36 (KHTML, like Gecko) Chrome/73.0.3683.86 Safari/537.36"
[2019-04-15T21:50:29.055] [INFO] access - ::1 - - "GET /addUser HTTP/1.1" 200 1938 "" "Mozilla/5.0 (Macintosh; Intel Mac OS X 10_14_3) AppleWebKit/537.36 (KHTML, like Gecko) Chrome/73.0.3683.86 Safari/537.36"
[2019-04-15T21:50:29.086] [INFO] access - ::1 - - "GET /styles/common.css HTTP/1.1" 200 78 "http://localhost:8888/addUser" "Mozilla/5.0 (Macintosh; Intel Mac OS X 10_14_3) AppleWebKit/537.36 (KHTML, like Gecko) Chrome/73.0.3683.86 Safari/537.36"
[2019-04-15T21:50:29.103] [INFO] access - ::1 - - "GET /styles/user.css HTTP/1.1" 200 - "http://localhost:8888/addUser" "Mozilla/5.0 (Macintosh; Intel Mac OS X 10_14_3) AppleWebKit/537.36 (KHTML, like Gecko) Chrome/73.0.3683.86 Safari/537.36"
[2019-04-15T21:50:37.172] [INFO] access - ::1 - - "GET /addUser HTTP/1.1" 200 1939 "" "Mozilla/5.0 (Macintosh; Intel Mac OS X 10_14_3) AppleWebKit/537.36 (KHTML, like Gecko) Chrome/73.0.3683.86 Safari/537.36"
[2019-04-15T21:50:37.215] [INFO] access - ::1 - - "GET /styles/common.css HTTP/1.1" 200 78 "http://localhost:8888/addUser" "Mozilla/5.0 (Macintosh; Intel Mac OS X 10_14_3) AppleWebKit/537.36 (KHTML, like Gecko) Chrome/73.0.3683.86 Safari/537.36"
[2019-04-15T21:50:37.218] [INFO] access - ::1 - - "GET /styles/user.css HTTP/1.1" 200 - "http://localhost:8888/addUser" "Mozilla/5.0 (Macintosh; Intel Mac OS X 10_14_3) AppleWebKit/537.36 (KHTML, like Gecko) Chrome/73.0.3683.86 Safari/537.36"
[2019-04-15T21:50:38.023] [INFO] access - ::1 - - "GET /addUser HTTP/1.1" 200 1939 "" "Mozilla/5.0 (Macintosh; Intel Mac OS X 10_14_3) AppleWebKit/537.36 (KHTML, like Gecko) Chrome/73.0.3683.86 Safari/537.36"
[2019-04-15T21:50:38.059] [INFO] access - ::1 - - "GET /styles/common.css HTTP/1.1" 200 78 "http://localhost:8888/addUser" "Mozilla/5.0 (Macintosh; Intel Mac OS X 10_14_3) AppleWebKit/537.36 (KHTML, like Gecko) Chrome/73.0.3683.86 Safari/537.36"
[2019-04-15T21:50:38.063] [INFO] access - ::1 - - "GET /styles/user.css HTTP/1.1" 200 - "http://localhost:8888/addUser" "Mozilla/5.0 (Macintosh; Intel Mac OS X 10_14_3) AppleWebKit/537.36 (KHTML, like Gecko) Chrome/73.0.3683.86 Safari/537.36"
[2019-04-15T21:50:57.055] [INFO] access - ::1 - - "GET /addUser HTTP/1.1" 200 1922 "" "Mozilla/5.0 (Macintosh; Intel Mac OS X 10_14_3) AppleWebKit/537.36 (KHTML, like Gecko) Chrome/73.0.3683.86 Safari/537.36"
[2019-04-15T21:50:57.097] [INFO] access - ::1 - - "GET /styles/common.css HTTP/1.1" 200 78 "http://localhost:8888/addUser" "Mozilla/5.0 (Macintosh; Intel Mac OS X 10_14_3) AppleWebKit/537.36 (KHTML, like Gecko) Chrome/73.0.3683.86 Safari/537.36"
[2019-04-15T21:50:57.097] [INFO] access - ::1 - - "GET /styles/user.css HTTP/1.1" 200 - "http://localhost:8888/addUser" "Mozilla/5.0 (Macintosh; Intel Mac OS X 10_14_3) AppleWebKit/537.36 (KHTML, like Gecko) Chrome/73.0.3683.86 Safari/537.36"
[2019-04-15T21:50:58.045] [INFO] access - ::1 - - "GET /addUser HTTP/1.1" 200 1922 "" "Mozilla/5.0 (Macintosh; Intel Mac OS X 10_14_3) AppleWebKit/537.36 (KHTML, like Gecko) Chrome/73.0.3683.86 Safari/537.36"
[2019-04-15T21:50:58.106] [INFO] access - ::1 - - "GET /styles/common.css HTTP/1.1" 200 78 "http://localhost:8888/addUser" "Mozilla/5.0 (Macintosh; Intel Mac OS X 10_14_3) AppleWebKit/537.36 (KHTML, like Gecko) Chrome/73.0.3683.86 Safari/537.36"
[2019-04-15T21:50:58.107] [INFO] access - ::1 - - "GET /styles/user.css HTTP/1.1" 200 - "http://localhost:8888/addUser" "Mozilla/5.0 (Macintosh; Intel Mac OS X 10_14_3) AppleWebKit/537.36 (KHTML, like Gecko) Chrome/73.0.3683.86 Safari/537.36"
[2019-04-15T21:53:04.933] [INFO] access - ::1 - - "GET /addUser HTTP/1.1" 200 1876 "" "Mozilla/5.0 (Macintosh; Intel Mac OS X 10_14_3) AppleWebKit/537.36 (KHTML, like Gecko) Chrome/73.0.3683.86 Safari/537.36"
[2019-04-15T21:53:04.989] [INFO] access - ::1 - - "GET /styles/common.css HTTP/1.1" 200 78 "http://localhost:8888/addUser" "Mozilla/5.0 (Macintosh; Intel Mac OS X 10_14_3) AppleWebKit/537.36 (KHTML, like Gecko) Chrome/73.0.3683.86 Safari/537.36"
[2019-04-15T21:53:04.990] [INFO] access - ::1 - - "GET /styles/user.css HTTP/1.1" 200 - "http://localhost:8888/addUser" "Mozilla/5.0 (Macintosh; Intel Mac OS X 10_14_3) AppleWebKit/537.36 (KHTML, like Gecko) Chrome/73.0.3683.86 Safari/537.36"
[2019-04-15T21:53:44.074] [INFO] access - ::1 - - "GET /addUser HTTP/1.1" 200 1969 "" "Mozilla/5.0 (Macintosh; Intel Mac OS X 10_14_3) AppleWebKit/537.36 (KHTML, like Gecko) Chrome/73.0.3683.86 Safari/537.36"
[2019-04-15T21:53:44.124] [INFO] access - ::1 - - "GET /styles/common.css HTTP/1.1" 200 78 "http://localhost:8888/addUser" "Mozilla/5.0 (Macintosh; Intel Mac OS X 10_14_3) AppleWebKit/537.36 (KHTML, like Gecko) Chrome/73.0.3683.86 Safari/537.36"
[2019-04-15T21:53:44.136] [INFO] access - ::1 - - "GET /styles/user.css HTTP/1.1" 200 - "http://localhost:8888/addUser" "Mozilla/5.0 (Macintosh; Intel Mac OS X 10_14_3) AppleWebKit/537.36 (KHTML, like Gecko) Chrome/73.0.3683.86 Safari/537.36"
[2019-04-15T21:53:44.153] [INFO] access - ::1 - - "GET /node_modules/systemjs/dist/system.min.js HTTP/1.1" 200 936 "http://localhost:8888/addUser" "Mozilla/5.0 (Macintosh; Intel Mac OS X 10_14_3) AppleWebKit/537.36 (KHTML, like Gecko) Chrome/73.0.3683.86 Safari/537.36"
[2019-04-15T21:53:50.828] [INFO] access - ::1 - - "GET /addUser HTTP/1.1" 200 1969 "" "Mozilla/5.0 (Macintosh; Intel Mac OS X 10_14_3) AppleWebKit/537.36 (KHTML, like Gecko) Chrome/73.0.3683.86 Safari/537.36"
[2019-04-15T21:53:50.881] [INFO] access - ::1 - - "GET /styles/common.css HTTP/1.1" 200 78 "http://localhost:8888/addUser" "Mozilla/5.0 (Macintosh; Intel Mac OS X 10_14_3) AppleWebKit/537.36 (KHTML, like Gecko) Chrome/73.0.3683.86 Safari/537.36"
[2019-04-15T21:53:50.882] [INFO] access - ::1 - - "GET /styles/user.css HTTP/1.1" 200 - "http://localhost:8888/addUser" "Mozilla/5.0 (Macintosh; Intel Mac OS X 10_14_3) AppleWebKit/537.36 (KHTML, like Gecko) Chrome/73.0.3683.86 Safari/537.36"
[2019-04-15T21:53:50.886] [INFO] access - ::1 - - "GET /node_modules/systemjs/dist/system.min.js HTTP/1.1" 200 936 "http://localhost:8888/addUser" "Mozilla/5.0 (Macintosh; Intel Mac OS X 10_14_3) AppleWebKit/537.36 (KHTML, like Gecko) Chrome/73.0.3683.86 Safari/537.36"
[2019-04-15T21:53:51.716] [INFO] access - ::1 - - "GET /addUser HTTP/1.1" 200 1969 "" "Mozilla/5.0 (Macintosh; Intel Mac OS X 10_14_3) AppleWebKit/537.36 (KHTML, like Gecko) Chrome/73.0.3683.86 Safari/537.36"
[2019-04-15T21:53:51.750] [INFO] access - ::1 - - "GET /styles/common.css HTTP/1.1" 200 78 "http://localhost:8888/addUser" "Mozilla/5.0 (Macintosh; Intel Mac OS X 10_14_3) AppleWebKit/537.36 (KHTML, like Gecko) Chrome/73.0.3683.86 Safari/537.36"
[2019-04-15T21:53:51.751] [INFO] access - ::1 - - "GET /styles/user.css HTTP/1.1" 200 - "http://localhost:8888/addUser" "Mozilla/5.0 (Macintosh; Intel Mac OS X 10_14_3) AppleWebKit/537.36 (KHTML, like Gecko) Chrome/73.0.3683.86 Safari/537.36"
[2019-04-15T21:53:51.767] [INFO] access - ::1 - - "GET /node_modules/systemjs/dist/system.min.js HTTP/1.1" 200 936 "http://localhost:8888/addUser" "Mozilla/5.0 (Macintosh; Intel Mac OS X 10_14_3) AppleWebKit/537.36 (KHTML, like Gecko) Chrome/73.0.3683.86 Safari/537.36"
[2019-04-15T21:54:10.724] [INFO] access - ::1 - - "GET /addUser HTTP/1.1" 200 1964 "" "Mozilla/5.0 (Macintosh; Intel Mac OS X 10_14_3) AppleWebKit/537.36 (KHTML, like Gecko) Chrome/73.0.3683.86 Safari/537.36"
[2019-04-15T21:54:10.775] [INFO] access - ::1 - - "GET /styles/common.css HTTP/1.1" 200 78 "http://localhost:8888/addUser" "Mozilla/5.0 (Macintosh; Intel Mac OS X 10_14_3) AppleWebKit/537.36 (KHTML, like Gecko) Chrome/73.0.3683.86 Safari/537.36"
[2019-04-15T21:54:10.776] [INFO] access - ::1 - - "GET /styles/user.css HTTP/1.1" 200 - "http://localhost:8888/addUser" "Mozilla/5.0 (Macintosh; Intel Mac OS X 10_14_3) AppleWebKit/537.36 (KHTML, like Gecko) Chrome/73.0.3683.86 Safari/537.36"
[2019-04-15T21:54:10.787] [INFO] access - ::1 - - "GET /node_modules/systemjs/dist/s.min.js HTTP/1.1" 200 936 "http://localhost:8888/addUser" "Mozilla/5.0 (Macintosh; Intel Mac OS X 10_14_3) AppleWebKit/537.36 (KHTML, like Gecko) Chrome/73.0.3683.86 Safari/537.36"
[2019-04-15T21:54:11.780] [INFO] access - ::1 - - "GET /addUser HTTP/1.1" 200 1964 "" "Mozilla/5.0 (Macintosh; Intel Mac OS X 10_14_3) AppleWebKit/537.36 (KHTML, like Gecko) Chrome/73.0.3683.86 Safari/537.36"
[2019-04-15T21:54:11.830] [INFO] access - ::1 - - "GET /styles/common.css HTTP/1.1" 200 78 "http://localhost:8888/addUser" "Mozilla/5.0 (Macintosh; Intel Mac OS X 10_14_3) AppleWebKit/537.36 (KHTML, like Gecko) Chrome/73.0.3683.86 Safari/537.36"
[2019-04-15T21:54:11.831] [INFO] access - ::1 - - "GET /styles/user.css HTTP/1.1" 200 - "http://localhost:8888/addUser" "Mozilla/5.0 (Macintosh; Intel Mac OS X 10_14_3) AppleWebKit/537.36 (KHTML, like Gecko) Chrome/73.0.3683.86 Safari/537.36"
[2019-04-15T21:54:11.841] [INFO] access - ::1 - - "GET /node_modules/systemjs/dist/s.min.js HTTP/1.1" 200 936 "http://localhost:8888/addUser" "Mozilla/5.0 (Macintosh; Intel Mac OS X 10_14_3) AppleWebKit/537.36 (KHTML, like Gecko) Chrome/73.0.3683.86 Safari/537.36"
[2019-04-15T21:54:31.655] [INFO] access - ::1 - - "GET /addUser HTTP/1.1" 200 1948 "" "Mozilla/5.0 (Macintosh; Intel Mac OS X 10_14_3) AppleWebKit/537.36 (KHTML, like Gecko) Chrome/73.0.3683.86 Safari/537.36"
[2019-04-15T21:54:31.704] [INFO] access - ::1 - - "GET /styles/common.css HTTP/1.1" 200 78 "http://localhost:8888/addUser" "Mozilla/5.0 (Macintosh; Intel Mac OS X 10_14_3) AppleWebKit/537.36 (KHTML, like Gecko) Chrome/73.0.3683.86 Safari/537.36"
[2019-04-15T21:54:31.704] [INFO] access - ::1 - - "GET /styles/user.css HTTP/1.1" 200 - "http://localhost:8888/addUser" "Mozilla/5.0 (Macintosh; Intel Mac OS X 10_14_3) AppleWebKit/537.36 (KHTML, like Gecko) Chrome/73.0.3683.86 Safari/537.36"
[2019-04-15T21:54:31.722] [INFO] access - ::1 - - "GET /systemjs/dist/s.min.js HTTP/1.1" 200 936 "http://localhost:8888/addUser" "Mozilla/5.0 (Macintosh; Intel Mac OS X 10_14_3) AppleWebKit/537.36 (KHTML, like Gecko) Chrome/73.0.3683.86 Safari/537.36"
[2019-04-15T21:54:33.854] [INFO] access - ::1 - - "GET /addUser HTTP/1.1" 200 1948 "" "Mozilla/5.0 (Macintosh; Intel Mac OS X 10_14_3) AppleWebKit/537.36 (KHTML, like Gecko) Chrome/73.0.3683.86 Safari/537.36"
[2019-04-15T21:54:33.897] [INFO] access - ::1 - - "GET /styles/common.css HTTP/1.1" 200 78 "http://localhost:8888/addUser" "Mozilla/5.0 (Macintosh; Intel Mac OS X 10_14_3) AppleWebKit/537.36 (KHTML, like Gecko) Chrome/73.0.3683.86 Safari/537.36"
[2019-04-15T21:54:33.898] [INFO] access - ::1 - - "GET /styles/user.css HTTP/1.1" 200 - "http://localhost:8888/addUser" "Mozilla/5.0 (Macintosh; Intel Mac OS X 10_14_3) AppleWebKit/537.36 (KHTML, like Gecko) Chrome/73.0.3683.86 Safari/537.36"
[2019-04-15T21:54:33.913] [INFO] access - ::1 - - "GET /systemjs/dist/s.min.js HTTP/1.1" 200 936 "http://localhost:8888/addUser" "Mozilla/5.0 (Macintosh; Intel Mac OS X 10_14_3) AppleWebKit/537.36 (KHTML, like Gecko) Chrome/73.0.3683.86 Safari/537.36"
[2019-04-15T21:55:20.562] [INFO] access - ::1 - - "GET /addUser HTTP/1.1" 200 1878 "" "Mozilla/5.0 (Macintosh; Intel Mac OS X 10_14_3) AppleWebKit/537.36 (KHTML, like Gecko) Chrome/73.0.3683.86 Safari/537.36"
[2019-04-15T21:55:20.602] [INFO] access - ::1 - - "GET /styles/common.css HTTP/1.1" 200 78 "http://localhost:8888/addUser" "Mozilla/5.0 (Macintosh; Intel Mac OS X 10_14_3) AppleWebKit/537.36 (KHTML, like Gecko) Chrome/73.0.3683.86 Safari/537.36"
[2019-04-15T21:55:20.602] [INFO] access - ::1 - - "GET /styles/user.css HTTP/1.1" 200 - "http://localhost:8888/addUser" "Mozilla/5.0 (Macintosh; Intel Mac OS X 10_14_3) AppleWebKit/537.36 (KHTML, like Gecko) Chrome/73.0.3683.86 Safari/537.36"
[2019-04-15T21:55:32.952] [INFO] access - ::1 - - "GET /addUser HTTP/1.1" 200 1876 "" "Mozilla/5.0 (Macintosh; Intel Mac OS X 10_14_3) AppleWebKit/537.36 (KHTML, like Gecko) Chrome/73.0.3683.86 Safari/537.36"
[2019-04-15T21:55:33.007] [INFO] access - ::1 - - "GET /styles/common.css HTTP/1.1" 200 78 "http://localhost:8888/addUser" "Mozilla/5.0 (Macintosh; Intel Mac OS X 10_14_3) AppleWebKit/537.36 (KHTML, like Gecko) Chrome/73.0.3683.86 Safari/537.36"
[2019-04-15T21:55:33.009] [INFO] access - ::1 - - "GET /styles/user.css HTTP/1.1" 200 - "http://localhost:8888/addUser" "Mozilla/5.0 (Macintosh; Intel Mac OS X 10_14_3) AppleWebKit/537.36 (KHTML, like Gecko) Chrome/73.0.3683.86 Safari/537.36"
[2019-04-15T21:56:37.670] [INFO] access - ::1 - - "GET /addUser HTTP/1.1" 200 1988 "" "Mozilla/5.0 (Macintosh; Intel Mac OS X 10_14_3) AppleWebKit/537.36 (KHTML, like Gecko) Chrome/73.0.3683.86 Safari/537.36"
[2019-04-15T21:56:37.736] [INFO] access - ::1 - - "GET /styles/common.css HTTP/1.1" 200 78 "http://localhost:8888/addUser" "Mozilla/5.0 (Macintosh; Intel Mac OS X 10_14_3) AppleWebKit/537.36 (KHTML, like Gecko) Chrome/73.0.3683.86 Safari/537.36"
[2019-04-15T21:56:37.738] [INFO] access - ::1 - - "GET /styles/user.css HTTP/1.1" 200 - "http://localhost:8888/addUser" "Mozilla/5.0 (Macintosh; Intel Mac OS X 10_14_3) AppleWebKit/537.36 (KHTML, like Gecko) Chrome/73.0.3683.86 Safari/537.36"
[2019-04-15T21:56:51.139] [INFO] access - ::1 - - "GET /addUser HTTP/1.1" 200 1990 "" "Mozilla/5.0 (Macintosh; Intel Mac OS X 10_14_3) AppleWebKit/537.36 (KHTML, like Gecko) Chrome/73.0.3683.86 Safari/537.36"
[2019-04-15T21:56:51.193] [INFO] access - ::1 - - "GET /styles/common.css HTTP/1.1" 200 78 "http://localhost:8888/addUser" "Mozilla/5.0 (Macintosh; Intel Mac OS X 10_14_3) AppleWebKit/537.36 (KHTML, like Gecko) Chrome/73.0.3683.86 Safari/537.36"
[2019-04-15T21:56:51.195] [INFO] access - ::1 - - "GET /styles/user.css HTTP/1.1" 200 - "http://localhost:8888/addUser" "Mozilla/5.0 (Macintosh; Intel Mac OS X 10_14_3) AppleWebKit/537.36 (KHTML, like Gecko) Chrome/73.0.3683.86 Safari/537.36"
[2019-04-15T21:56:51.442] [INFO] access - ::1 - - "GET /js/user HTTP/1.1" 200 936 "http://localhost:8888/addUser" "Mozilla/5.0 (Macintosh; Intel Mac OS X 10_14_3) AppleWebKit/537.36 (KHTML, like Gecko) Chrome/73.0.3683.86 Safari/537.36"
[2019-04-15T21:57:05.232] [INFO] access - ::1 - - "GET /addUser HTTP/1.1" 200 1991 "" "Mozilla/5.0 (Macintosh; Intel Mac OS X 10_14_3) AppleWebKit/537.36 (KHTML, like Gecko) Chrome/73.0.3683.86 Safari/537.36"
[2019-04-15T21:57:05.269] [INFO] access - ::1 - - "GET /styles/common.css HTTP/1.1" 200 78 "http://localhost:8888/addUser" "Mozilla/5.0 (Macintosh; Intel Mac OS X 10_14_3) AppleWebKit/537.36 (KHTML, like Gecko) Chrome/73.0.3683.86 Safari/537.36"
[2019-04-15T21:57:05.270] [INFO] access - ::1 - - "GET /styles/user.css HTTP/1.1" 200 - "http://localhost:8888/addUser" "Mozilla/5.0 (Macintosh; Intel Mac OS X 10_14_3) AppleWebKit/537.36 (KHTML, like Gecko) Chrome/73.0.3683.86 Safari/537.36"
[2019-04-15T21:57:16.126] [INFO] access - ::1 - - "GET /addUser HTTP/1.1" 200 1993 "" "Mozilla/5.0 (Macintosh; Intel Mac OS X 10_14_3) AppleWebKit/537.36 (KHTML, like Gecko) Chrome/73.0.3683.86 Safari/537.36"
[2019-04-15T21:57:16.169] [INFO] access - ::1 - - "GET /styles/common.css HTTP/1.1" 200 78 "http://localhost:8888/addUser" "Mozilla/5.0 (Macintosh; Intel Mac OS X 10_14_3) AppleWebKit/537.36 (KHTML, like Gecko) Chrome/73.0.3683.86 Safari/537.36"
[2019-04-15T21:57:16.170] [INFO] access - ::1 - - "GET /styles/user.css HTTP/1.1" 200 - "http://localhost:8888/addUser" "Mozilla/5.0 (Macintosh; Intel Mac OS X 10_14_3) AppleWebKit/537.36 (KHTML, like Gecko) Chrome/73.0.3683.86 Safari/537.36"
[2019-04-15T21:57:16.439] [INFO] access - ::1 - - "GET /js/user.js HTTP/1.1" 200 108 "http://localhost:8888/addUser" "Mozilla/5.0 (Macintosh; Intel Mac OS X 10_14_3) AppleWebKit/537.36 (KHTML, like Gecko) Chrome/73.0.3683.86 Safari/537.36"
[2019-04-15T21:57:38.868] [INFO] access - ::1 - - "GET /addUser HTTP/1.1" 200 1993 "" "Mozilla/5.0 (Macintosh; Intel Mac OS X 10_14_3) AppleWebKit/537.36 (KHTML, like Gecko) Chrome/73.0.3683.86 Safari/537.36"
[2019-04-15T21:57:38.914] [INFO] access - ::1 - - "GET /styles/common.css HTTP/1.1" 200 78 "http://localhost:8888/addUser" "Mozilla/5.0 (Macintosh; Intel Mac OS X 10_14_3) AppleWebKit/537.36 (KHTML, like Gecko) Chrome/73.0.3683.86 Safari/537.36"
[2019-04-15T21:57:38.917] [INFO] access - ::1 - - "GET /styles/user.css HTTP/1.1" 200 - "http://localhost:8888/addUser" "Mozilla/5.0 (Macintosh; Intel Mac OS X 10_14_3) AppleWebKit/537.36 (KHTML, like Gecko) Chrome/73.0.3683.86 Safari/537.36"
[2019-04-15T21:57:39.169] [INFO] access - ::1 - - "GET /js/user.js HTTP/1.1" 200 138 "http://localhost:8888/addUser" "Mozilla/5.0 (Macintosh; Intel Mac OS X 10_14_3) AppleWebKit/537.36 (KHTML, like Gecko) Chrome/73.0.3683.86 Safari/537.36"
[2019-04-15T21:58:02.796] [INFO] access - ::1 - - "GET /addUser HTTP/1.1" 200 1993 "" "Mozilla/5.0 (Macintosh; Intel Mac OS X 10_14_3) AppleWebKit/537.36 (KHTML, like Gecko) Chrome/73.0.3683.86 Safari/537.36"
[2019-04-15T21:58:02.842] [INFO] access - ::1 - - "GET /styles/common.css HTTP/1.1" 200 78 "http://localhost:8888/addUser" "Mozilla/5.0 (Macintosh; Intel Mac OS X 10_14_3) AppleWebKit/537.36 (KHTML, like Gecko) Chrome/73.0.3683.86 Safari/537.36"
[2019-04-15T21:58:02.844] [INFO] access - ::1 - - "GET /styles/user.css HTTP/1.1" 200 - "http://localhost:8888/addUser" "Mozilla/5.0 (Macintosh; Intel Mac OS X 10_14_3) AppleWebKit/537.36 (KHTML, like Gecko) Chrome/73.0.3683.86 Safari/537.36"
[2019-04-15T21:58:03.095] [INFO] access - ::1 - - "GET /js/user.js HTTP/1.1" 200 136 "http://localhost:8888/addUser" "Mozilla/5.0 (Macintosh; Intel Mac OS X 10_14_3) AppleWebKit/537.36 (KHTML, like Gecko) Chrome/73.0.3683.86 Safari/537.36"
[2019-04-15T21:58:20.048] [INFO] access - ::1 - - "GET /addUser HTTP/1.1" 200 1993 "" "Mozilla/5.0 (Macintosh; Intel Mac OS X 10_14_3) AppleWebKit/537.36 (KHTML, like Gecko) Chrome/73.0.3683.86 Safari/537.36"
[2019-04-15T21:58:20.082] [INFO] access - ::1 - - "GET /styles/common.css HTTP/1.1" 200 78 "http://localhost:8888/addUser" "Mozilla/5.0 (Macintosh; Intel Mac OS X 10_14_3) AppleWebKit/537.36 (KHTML, like Gecko) Chrome/73.0.3683.86 Safari/537.36"
[2019-04-15T21:58:20.084] [INFO] access - ::1 - - "GET /styles/user.css HTTP/1.1" 200 - "http://localhost:8888/addUser" "Mozilla/5.0 (Macintosh; Intel Mac OS X 10_14_3) AppleWebKit/537.36 (KHTML, like Gecko) Chrome/73.0.3683.86 Safari/537.36"
[2019-04-15T21:58:20.347] [INFO] access - ::1 - - "GET /js/user.js HTTP/1.1" 200 130 "http://localhost:8888/addUser" "Mozilla/5.0 (Macintosh; Intel Mac OS X 10_14_3) AppleWebKit/537.36 (KHTML, like Gecko) Chrome/73.0.3683.86 Safari/537.36"
[2019-04-15T21:58:21.158] [INFO] access - ::1 - - "GET /addUser HTTP/1.1" 200 1993 "" "Mozilla/5.0 (Macintosh; Intel Mac OS X 10_14_3) AppleWebKit/537.36 (KHTML, like Gecko) Chrome/73.0.3683.86 Safari/537.36"
[2019-04-15T21:58:21.202] [INFO] access - ::1 - - "GET /styles/common.css HTTP/1.1" 200 78 "http://localhost:8888/addUser" "Mozilla/5.0 (Macintosh; Intel Mac OS X 10_14_3) AppleWebKit/537.36 (KHTML, like Gecko) Chrome/73.0.3683.86 Safari/537.36"
[2019-04-15T21:58:21.204] [INFO] access - ::1 - - "GET /styles/user.css HTTP/1.1" 200 - "http://localhost:8888/addUser" "Mozilla/5.0 (Macintosh; Intel Mac OS X 10_14_3) AppleWebKit/537.36 (KHTML, like Gecko) Chrome/73.0.3683.86 Safari/537.36"
[2019-04-15T21:58:21.481] [INFO] access - ::1 - - "GET /js/user.js HTTP/1.1" 200 130 "http://localhost:8888/addUser" "Mozilla/5.0 (Macintosh; Intel Mac OS X 10_14_3) AppleWebKit/537.36 (KHTML, like Gecko) Chrome/73.0.3683.86 Safari/537.36"
[2019-04-15T21:58:40.331] [INFO] access - ::1 - - "GET /addUser HTTP/1.1" 200 1991 "" "Mozilla/5.0 (Macintosh; Intel Mac OS X 10_14_3) AppleWebKit/537.36 (KHTML, like Gecko) Chrome/73.0.3683.86 Safari/537.36"
[2019-04-15T21:58:40.369] [INFO] access - ::1 - - "GET /styles/user.css HTTP/1.1" 200 - "http://localhost:8888/addUser" "Mozilla/5.0 (Macintosh; Intel Mac OS X 10_14_3) AppleWebKit/537.36 (KHTML, like Gecko) Chrome/73.0.3683.86 Safari/537.36"
[2019-04-15T21:58:40.370] [INFO] access - ::1 - - "GET /styles/common.css HTTP/1.1" 200 78 "http://localhost:8888/addUser" "Mozilla/5.0 (Macintosh; Intel Mac OS X 10_14_3) AppleWebKit/537.36 (KHTML, like Gecko) Chrome/73.0.3683.86 Safari/537.36"
[2019-04-15T21:59:02.100] [INFO] access - ::1 - - "GET /addUser HTTP/1.1" 200 1993 "" "Mozilla/5.0 (Macintosh; Intel Mac OS X 10_14_3) AppleWebKit/537.36 (KHTML, like Gecko) Chrome/73.0.3683.86 Safari/537.36"
[2019-04-15T21:59:02.155] [INFO] access - ::1 - - "GET /styles/common.css HTTP/1.1" 200 78 "http://localhost:8888/addUser" "Mozilla/5.0 (Macintosh; Intel Mac OS X 10_14_3) AppleWebKit/537.36 (KHTML, like Gecko) Chrome/73.0.3683.86 Safari/537.36"
[2019-04-15T21:59:02.157] [INFO] access - ::1 - - "GET /styles/user.css HTTP/1.1" 200 - "http://localhost:8888/addUser" "Mozilla/5.0 (Macintosh; Intel Mac OS X 10_14_3) AppleWebKit/537.36 (KHTML, like Gecko) Chrome/73.0.3683.86 Safari/537.36"
[2019-04-15T21:59:02.433] [INFO] access - ::1 - - "GET /js/user.js HTTP/1.1" 200 130 "http://localhost:8888/addUser" "Mozilla/5.0 (Macintosh; Intel Mac OS X 10_14_3) AppleWebKit/537.36 (KHTML, like Gecko) Chrome/73.0.3683.86 Safari/537.36"
[2019-04-15T21:59:16.247] [INFO] access - ::1 - - "GET /addUser HTTP/1.1" 200 1948 "" "Mozilla/5.0 (Macintosh; Intel Mac OS X 10_14_3) AppleWebKit/537.36 (KHTML, like Gecko) Chrome/73.0.3683.86 Safari/537.36"
[2019-04-15T21:59:16.293] [INFO] access - ::1 - - "GET /styles/common.css HTTP/1.1" 200 78 "http://localhost:8888/addUser" "Mozilla/5.0 (Macintosh; Intel Mac OS X 10_14_3) AppleWebKit/537.36 (KHTML, like Gecko) Chrome/73.0.3683.86 Safari/537.36"
[2019-04-15T21:59:16.294] [INFO] access - ::1 - - "GET /styles/user.css HTTP/1.1" 200 - "http://localhost:8888/addUser" "Mozilla/5.0 (Macintosh; Intel Mac OS X 10_14_3) AppleWebKit/537.36 (KHTML, like Gecko) Chrome/73.0.3683.86 Safari/537.36"
[2019-04-15T21:59:16.552] [INFO] access - ::1 - - "GET /js/user.js HTTP/1.1" 200 130 "http://localhost:8888/addUser" "Mozilla/5.0 (Macintosh; Intel Mac OS X 10_14_3) AppleWebKit/537.36 (KHTML, like Gecko) Chrome/73.0.3683.86 Safari/537.36"
[2019-04-15T22:21:28.814] [INFO] access - ::1 - - "GET /addUser HTTP/1.1" 200 1992 "" "Mozilla/5.0 (Macintosh; Intel Mac OS X 10_14_3) AppleWebKit/537.36 (KHTML, like Gecko) Chrome/73.0.3683.86 Safari/537.36"
[2019-04-15T22:21:28.964] [INFO] access - ::1 - - "GET /styles/user.css HTTP/1.1" 200 - "http://localhost:8888/addUser" "Mozilla/5.0 (Macintosh; Intel Mac OS X 10_14_3) AppleWebKit/537.36 (KHTML, like Gecko) Chrome/73.0.3683.86 Safari/537.36"
[2019-04-15T22:21:28.967] [INFO] access - ::1 - - "GET /styles/common.css HTTP/1.1" 200 78 "http://localhost:8888/addUser" "Mozilla/5.0 (Macintosh; Intel Mac OS X 10_14_3) AppleWebKit/537.36 (KHTML, like Gecko) Chrome/73.0.3683.86 Safari/537.36"
[2019-04-15T22:21:29.491] [INFO] access - ::1 - - "GET /js/user.js HTTP/1.1" 200 130 "http://localhost:8888/addUser" "Mozilla/5.0 (Macintosh; Intel Mac OS X 10_14_3) AppleWebKit/537.36 (KHTML, like Gecko) Chrome/73.0.3683.86 Safari/537.36"
[2019-04-15T22:21:44.898] [INFO] access - ::1 - - "GET /addUser HTTP/1.1" 200 1999 "" "Mozilla/5.0 (Macintosh; Intel Mac OS X 10_14_3) AppleWebKit/537.36 (KHTML, like Gecko) Chrome/73.0.3683.86 Safari/537.36"
[2019-04-15T22:21:44.943] [INFO] access - ::1 - - "GET /styles/common.css HTTP/1.1" 200 78 "http://localhost:8888/addUser" "Mozilla/5.0 (Macintosh; Intel Mac OS X 10_14_3) AppleWebKit/537.36 (KHTML, like Gecko) Chrome/73.0.3683.86 Safari/537.36"
[2019-04-15T22:21:44.944] [INFO] access - ::1 - - "GET /styles/user.css HTTP/1.1" 200 - "http://localhost:8888/addUser" "Mozilla/5.0 (Macintosh; Intel Mac OS X 10_14_3) AppleWebKit/537.36 (KHTML, like Gecko) Chrome/73.0.3683.86 Safari/537.36"
[2019-04-15T22:21:45.217] [INFO] access - ::1 - - "GET /js/user.bundle.js HTTP/1.1" 200 1117 "http://localhost:8888/addUser" "Mozilla/5.0 (Macintosh; Intel Mac OS X 10_14_3) AppleWebKit/537.36 (KHTML, like Gecko) Chrome/73.0.3683.86 Safari/537.36"
[2019-04-15T22:22:03.134] [INFO] access - ::1 - - "GET /addUser HTTP/1.1" 200 1992 "" "Mozilla/5.0 (Macintosh; Intel Mac OS X 10_14_3) AppleWebKit/537.36 (KHTML, like Gecko) Chrome/73.0.3683.86 Safari/537.36"
[2019-04-15T22:22:03.179] [INFO] access - ::1 - - "GET /styles/user.css HTTP/1.1" 200 - "http://localhost:8888/addUser" "Mozilla/5.0 (Macintosh; Intel Mac OS X 10_14_3) AppleWebKit/537.36 (KHTML, like Gecko) Chrome/73.0.3683.86 Safari/537.36"
[2019-04-15T22:22:03.181] [INFO] access - ::1 - - "GET /styles/common.css HTTP/1.1" 200 78 "http://localhost:8888/addUser" "Mozilla/5.0 (Macintosh; Intel Mac OS X 10_14_3) AppleWebKit/537.36 (KHTML, like Gecko) Chrome/73.0.3683.86 Safari/537.36"
[2019-04-15T22:22:03.533] [INFO] access - ::1 - - "GET /js/user.js HTTP/1.1" 200 130 "http://localhost:8888/addUser" "Mozilla/5.0 (Macintosh; Intel Mac OS X 10_14_3) AppleWebKit/537.36 (KHTML, like Gecko) Chrome/73.0.3683.86 Safari/537.36"
[2019-04-15T22:43:11.011] [INFO] access - ::1 - - "GET /addUser HTTP/1.1" 200 1992 "" "Mozilla/5.0 (Macintosh; Intel Mac OS X 10_14_3) AppleWebKit/537.36 (KHTML, like Gecko) Chrome/73.0.3683.86 Safari/537.36"
[2019-04-15T22:43:11.060] [INFO] access - ::1 - - "GET /styles/common.css HTTP/1.1" 200 78 "http://localhost:8888/addUser" "Mozilla/5.0 (Macintosh; Intel Mac OS X 10_14_3) AppleWebKit/537.36 (KHTML, like Gecko) Chrome/73.0.3683.86 Safari/537.36"
[2019-04-15T22:43:11.064] [INFO] access - ::1 - - "GET /styles/user.css HTTP/1.1" 200 - "http://localhost:8888/addUser" "Mozilla/5.0 (Macintosh; Intel Mac OS X 10_14_3) AppleWebKit/537.36 (KHTML, like Gecko) Chrome/73.0.3683.86 Safari/537.36"
[2019-04-15T22:43:11.366] [INFO] access - ::1 - - "GET /js/user.js HTTP/1.1" 200 130 "http://localhost:8888/addUser" "Mozilla/5.0 (Macintosh; Intel Mac OS X 10_14_3) AppleWebKit/537.36 (KHTML, like Gecko) Chrome/73.0.3683.86 Safari/537.36"
[2019-04-15T22:44:09.166] [INFO] access - ::1 - - "GET /addUser HTTP/1.1" 200 1947 "" "Mozilla/5.0 (Macintosh; Intel Mac OS X 10_14_3) AppleWebKit/537.36 (KHTML, like Gecko) Chrome/73.0.3683.86 Safari/537.36"
[2019-04-15T22:44:09.219] [INFO] access - ::1 - - "GET /styles/common.css HTTP/1.1" 200 78 "http://localhost:8888/addUser" "Mozilla/5.0 (Macintosh; Intel Mac OS X 10_14_3) AppleWebKit/537.36 (KHTML, like Gecko) Chrome/73.0.3683.86 Safari/537.36"
[2019-04-15T22:44:09.220] [INFO] access - ::1 - - "GET /styles/user.css HTTP/1.1" 200 - "http://localhost:8888/addUser" "Mozilla/5.0 (Macintosh; Intel Mac OS X 10_14_3) AppleWebKit/537.36 (KHTML, like Gecko) Chrome/73.0.3683.86 Safari/537.36"
[2019-04-15T22:44:09.537] [INFO] access - ::1 - - "GET /js/user.js HTTP/1.1" 200 130 "http://localhost:8888/addUser" "Mozilla/5.0 (Macintosh; Intel Mac OS X 10_14_3) AppleWebKit/537.36 (KHTML, like Gecko) Chrome/73.0.3683.86 Safari/537.36"
[2019-04-15T22:50:34.119] [INFO] access - ::1 - - "GET /addUser HTTP/1.1" 200 2061 "" "Mozilla/5.0 (Macintosh; Intel Mac OS X 10_14_3) AppleWebKit/537.36 (KHTML, like Gecko) Chrome/73.0.3683.86 Safari/537.36"
[2019-04-15T22:50:34.168] [INFO] access - ::1 - - "GET /styles/common.css HTTP/1.1" 200 78 "http://localhost:8888/addUser" "Mozilla/5.0 (Macintosh; Intel Mac OS X 10_14_3) AppleWebKit/537.36 (KHTML, like Gecko) Chrome/73.0.3683.86 Safari/537.36"
[2019-04-15T22:50:34.170] [INFO] access - ::1 - - "GET /styles/user.css HTTP/1.1" 200 - "http://localhost:8888/addUser" "Mozilla/5.0 (Macintosh; Intel Mac OS X 10_14_3) AppleWebKit/537.36 (KHTML, like Gecko) Chrome/73.0.3683.86 Safari/537.36"
[2019-04-15T22:50:34.451] [INFO] access - ::1 - - "GET /js/user HTTP/1.1" 200 936 "http://localhost:8888/addUser" "Mozilla/5.0 (Macintosh; Intel Mac OS X 10_14_3) AppleWebKit/537.36 (KHTML, like Gecko) Chrome/73.0.3683.86 Safari/537.36"
[2019-04-15T22:51:11.723] [INFO] access - ::1 - - "GET /addUser HTTP/1.1" 200 2061 "" "Mozilla/5.0 (Macintosh; Intel Mac OS X 10_14_3) AppleWebKit/537.36 (KHTML, like Gecko) Chrome/73.0.3683.86 Safari/537.36"
[2019-04-15T22:51:11.770] [INFO] access - ::1 - - "GET /styles/common.css HTTP/1.1" 200 78 "http://localhost:8888/addUser" "Mozilla/5.0 (Macintosh; Intel Mac OS X 10_14_3) AppleWebKit/537.36 (KHTML, like Gecko) Chrome/73.0.3683.86 Safari/537.36"
[2019-04-15T22:51:11.772] [INFO] access - ::1 - - "GET /styles/user.css HTTP/1.1" 200 - "http://localhost:8888/addUser" "Mozilla/5.0 (Macintosh; Intel Mac OS X 10_14_3) AppleWebKit/537.36 (KHTML, like Gecko) Chrome/73.0.3683.86 Safari/537.36"
[2019-04-15T22:51:12.074] [INFO] access - ::1 - - "GET /js/user HTTP/1.1" 200 936 "http://localhost:8888/addUser" "Mozilla/5.0 (Macintosh; Intel Mac OS X 10_14_3) AppleWebKit/537.36 (KHTML, like Gecko) Chrome/73.0.3683.86 Safari/537.36"
[2019-04-15T22:51:12.833] [INFO] access - ::1 - - "GET /addUser HTTP/1.1" 200 2061 "" "Mozilla/5.0 (Macintosh; Intel Mac OS X 10_14_3) AppleWebKit/537.36 (KHTML, like Gecko) Chrome/73.0.3683.86 Safari/537.36"
[2019-04-15T22:51:12.898] [INFO] access - ::1 - - "GET /styles/common.css HTTP/1.1" 200 78 "http://localhost:8888/addUser" "Mozilla/5.0 (Macintosh; Intel Mac OS X 10_14_3) AppleWebKit/537.36 (KHTML, like Gecko) Chrome/73.0.3683.86 Safari/537.36"
[2019-04-15T22:51:12.900] [INFO] access - ::1 - - "GET /styles/user.css HTTP/1.1" 200 - "http://localhost:8888/addUser" "Mozilla/5.0 (Macintosh; Intel Mac OS X 10_14_3) AppleWebKit/537.36 (KHTML, like Gecko) Chrome/73.0.3683.86 Safari/537.36"
[2019-04-15T22:51:13.138] [INFO] access - ::1 - - "GET /js/user HTTP/1.1" 200 936 "http://localhost:8888/addUser" "Mozilla/5.0 (Macintosh; Intel Mac OS X 10_14_3) AppleWebKit/537.36 (KHTML, like Gecko) Chrome/73.0.3683.86 Safari/537.36"
[2019-04-15T22:51:52.659] [INFO] access - ::1 - - "GET /addUser HTTP/1.1" 200 2062 "" "Mozilla/5.0 (Macintosh; Intel Mac OS X 10_14_3) AppleWebKit/537.36 (KHTML, like Gecko) Chrome/73.0.3683.86 Safari/537.36"
[2019-04-15T22:51:52.708] [INFO] access - ::1 - - "GET /styles/common.css HTTP/1.1" 200 78 "http://localhost:8888/addUser" "Mozilla/5.0 (Macintosh; Intel Mac OS X 10_14_3) AppleWebKit/537.36 (KHTML, like Gecko) Chrome/73.0.3683.86 Safari/537.36"
[2019-04-15T22:51:52.709] [INFO] access - ::1 - - "GET /styles/user.css HTTP/1.1" 200 - "http://localhost:8888/addUser" "Mozilla/5.0 (Macintosh; Intel Mac OS X 10_14_3) AppleWebKit/537.36 (KHTML, like Gecko) Chrome/73.0.3683.86 Safari/537.36"
[2019-04-15T22:51:52.954] [INFO] access - ::1 - - "GET /js/user HTTP/1.1" 200 936 "http://localhost:8888/addUser" "Mozilla/5.0 (Macintosh; Intel Mac OS X 10_14_3) AppleWebKit/537.36 (KHTML, like Gecko) Chrome/73.0.3683.86 Safari/537.36"
[2019-04-15T22:51:54.863] [INFO] access - ::1 - - "GET /addUser HTTP/1.1" 200 2062 "" "Mozilla/5.0 (Macintosh; Intel Mac OS X 10_14_3) AppleWebKit/537.36 (KHTML, like Gecko) Chrome/73.0.3683.86 Safari/537.36"
[2019-04-15T22:51:54.905] [INFO] access - ::1 - - "GET /styles/user.css HTTP/1.1" 200 - "http://localhost:8888/addUser" "Mozilla/5.0 (Macintosh; Intel Mac OS X 10_14_3) AppleWebKit/537.36 (KHTML, like Gecko) Chrome/73.0.3683.86 Safari/537.36"
[2019-04-15T22:51:54.906] [INFO] access - ::1 - - "GET /styles/common.css HTTP/1.1" 200 78 "http://localhost:8888/addUser" "Mozilla/5.0 (Macintosh; Intel Mac OS X 10_14_3) AppleWebKit/537.36 (KHTML, like Gecko) Chrome/73.0.3683.86 Safari/537.36"
[2019-04-15T22:51:55.150] [INFO] access - ::1 - - "GET /js/user HTTP/1.1" 200 936 "http://localhost:8888/addUser" "Mozilla/5.0 (Macintosh; Intel Mac OS X 10_14_3) AppleWebKit/537.36 (KHTML, like Gecko) Chrome/73.0.3683.86 Safari/537.36"
[2019-04-15T22:57:34.651] [INFO] access - ::1 - - "GET /addUser HTTP/1.1" 200 2107 "" "Mozilla/5.0 (Macintosh; Intel Mac OS X 10_14_3) AppleWebKit/537.36 (KHTML, like Gecko) Chrome/73.0.3683.86 Safari/537.36"
[2019-04-15T22:57:34.715] [INFO] access - ::1 - - "GET /styles/common.css HTTP/1.1" 200 78 "http://localhost:8888/addUser" "Mozilla/5.0 (Macintosh; Intel Mac OS X 10_14_3) AppleWebKit/537.36 (KHTML, like Gecko) Chrome/73.0.3683.86 Safari/537.36"
[2019-04-15T22:57:34.718] [INFO] access - ::1 - - "GET /styles/user.css HTTP/1.1" 200 - "http://localhost:8888/addUser" "Mozilla/5.0 (Macintosh; Intel Mac OS X 10_14_3) AppleWebKit/537.36 (KHTML, like Gecko) Chrome/73.0.3683.86 Safari/537.36"
[2019-04-15T22:57:35.800] [INFO] access - ::1 - - "GET /addUser HTTP/1.1" 200 2107 "" "Mozilla/5.0 (Macintosh; Intel Mac OS X 10_14_3) AppleWebKit/537.36 (KHTML, like Gecko) Chrome/73.0.3683.86 Safari/537.36"
[2019-04-15T22:57:35.837] [INFO] access - ::1 - - "GET /styles/common.css HTTP/1.1" 200 78 "http://localhost:8888/addUser" "Mozilla/5.0 (Macintosh; Intel Mac OS X 10_14_3) AppleWebKit/537.36 (KHTML, like Gecko) Chrome/73.0.3683.86 Safari/537.36"
[2019-04-15T22:57:35.838] [INFO] access - ::1 - - "GET /styles/user.css HTTP/1.1" 200 - "http://localhost:8888/addUser" "Mozilla/5.0 (Macintosh; Intel Mac OS X 10_14_3) AppleWebKit/537.36 (KHTML, like Gecko) Chrome/73.0.3683.86 Safari/537.36"
[2019-04-15T22:58:13.375] [INFO] access - ::1 - - "GET /addUser HTTP/1.1" 200 2180 "" "Mozilla/5.0 (Macintosh; Intel Mac OS X 10_14_3) AppleWebKit/537.36 (KHTML, like Gecko) Chrome/73.0.3683.86 Safari/537.36"
[2019-04-15T22:58:13.424] [INFO] access - ::1 - - "GET /styles/common.css HTTP/1.1" 200 78 "http://localhost:8888/addUser" "Mozilla/5.0 (Macintosh; Intel Mac OS X 10_14_3) AppleWebKit/537.36 (KHTML, like Gecko) Chrome/73.0.3683.86 Safari/537.36"
[2019-04-15T22:58:13.427] [INFO] access - ::1 - - "GET /styles/user.css HTTP/1.1" 200 - "http://localhost:8888/addUser" "Mozilla/5.0 (Macintosh; Intel Mac OS X 10_14_3) AppleWebKit/537.36 (KHTML, like Gecko) Chrome/73.0.3683.86 Safari/537.36"
[2019-04-15T22:58:13.648] [INFO] access - ::1 - - "GET /js/index.js HTTP/1.1" 200 47 "http://localhost:8888/addUser" "Mozilla/5.0 (Macintosh; Intel Mac OS X 10_14_3) AppleWebKit/537.36 (KHTML, like Gecko) Chrome/73.0.3683.86 Safari/537.36"
[2019-04-15T22:58:48.206] [INFO] access - ::1 - - "GET /addUser HTTP/1.1" 200 2179 "" "Mozilla/5.0 (Macintosh; Intel Mac OS X 10_14_3) AppleWebKit/537.36 (KHTML, like Gecko) Chrome/73.0.3683.86 Safari/537.36"
[2019-04-15T22:58:48.255] [INFO] access - ::1 - - "GET /styles/user.css HTTP/1.1" 200 - "http://localhost:8888/addUser" "Mozilla/5.0 (Macintosh; Intel Mac OS X 10_14_3) AppleWebKit/537.36 (KHTML, like Gecko) Chrome/73.0.3683.86 Safari/537.36"
[2019-04-15T22:58:48.256] [INFO] access - ::1 - - "GET /styles/common.css HTTP/1.1" 200 78 "http://localhost:8888/addUser" "Mozilla/5.0 (Macintosh; Intel Mac OS X 10_14_3) AppleWebKit/537.36 (KHTML, like Gecko) Chrome/73.0.3683.86 Safari/537.36"
[2019-04-15T22:58:55.761] [INFO] access - ::1 - - "GET /addUser HTTP/1.1" 200 2180 "" "Mozilla/5.0 (Macintosh; Intel Mac OS X 10_14_3) AppleWebKit/537.36 (KHTML, like Gecko) Chrome/73.0.3683.86 Safari/537.36"
[2019-04-15T22:58:55.794] [INFO] access - ::1 - - "GET /styles/common.css HTTP/1.1" 200 78 "http://localhost:8888/addUser" "Mozilla/5.0 (Macintosh; Intel Mac OS X 10_14_3) AppleWebKit/537.36 (KHTML, like Gecko) Chrome/73.0.3683.86 Safari/537.36"
[2019-04-15T22:58:55.794] [INFO] access - ::1 - - "GET /styles/user.css HTTP/1.1" 200 - "http://localhost:8888/addUser" "Mozilla/5.0 (Macintosh; Intel Mac OS X 10_14_3) AppleWebKit/537.36 (KHTML, like Gecko) Chrome/73.0.3683.86 Safari/537.36"
[2019-04-15T22:58:56.042] [INFO] access - ::1 - - "GET /js/index.js HTTP/1.1" 200 47 "http://localhost:8888/addUser" "Mozilla/5.0 (Macintosh; Intel Mac OS X 10_14_3) AppleWebKit/537.36 (KHTML, like Gecko) Chrome/73.0.3683.86 Safari/537.36"
[2019-04-15T22:59:07.991] [INFO] access - ::1 - - "GET /addUser HTTP/1.1" 200 2179 "" "Mozilla/5.0 (Macintosh; Intel Mac OS X 10_14_3) AppleWebKit/537.36 (KHTML, like Gecko) Chrome/73.0.3683.86 Safari/537.36"
[2019-04-15T22:59:08.039] [INFO] access - ::1 - - "GET /styles/common.css HTTP/1.1" 200 78 "http://localhost:8888/addUser" "Mozilla/5.0 (Macintosh; Intel Mac OS X 10_14_3) AppleWebKit/537.36 (KHTML, like Gecko) Chrome/73.0.3683.86 Safari/537.36"
[2019-04-15T22:59:08.042] [INFO] access - ::1 - - "GET /styles/user.css HTTP/1.1" 200 - "http://localhost:8888/addUser" "Mozilla/5.0 (Macintosh; Intel Mac OS X 10_14_3) AppleWebKit/537.36 (KHTML, like Gecko) Chrome/73.0.3683.86 Safari/537.36"
[2019-04-15T22:59:08.265] [INFO] access - ::1 - - "GET /js/user.js HTTP/1.1" 200 130 "http://localhost:8888/addUser" "Mozilla/5.0 (Macintosh; Intel Mac OS X 10_14_3) AppleWebKit/537.36 (KHTML, like Gecko) Chrome/73.0.3683.86 Safari/537.36"
[2019-04-15T22:59:32.711] [INFO] access - ::1 - - "GET /addUser HTTP/1.1" 200 2176 "" "Mozilla/5.0 (Macintosh; Intel Mac OS X 10_14_3) AppleWebKit/537.36 (KHTML, like Gecko) Chrome/73.0.3683.86 Safari/537.36"
[2019-04-15T22:59:32.769] [INFO] access - ::1 - - "GET /styles/common.css HTTP/1.1" 200 78 "http://localhost:8888/addUser" "Mozilla/5.0 (Macintosh; Intel Mac OS X 10_14_3) AppleWebKit/537.36 (KHTML, like Gecko) Chrome/73.0.3683.86 Safari/537.36"
[2019-04-15T22:59:32.771] [INFO] access - ::1 - - "GET /styles/user.css HTTP/1.1" 200 - "http://localhost:8888/addUser" "Mozilla/5.0 (Macintosh; Intel Mac OS X 10_14_3) AppleWebKit/537.36 (KHTML, like Gecko) Chrome/73.0.3683.86 Safari/537.36"
[2019-04-15T22:59:33.000] [INFO] access - ::1 - - "GET /js/user HTTP/1.1" 200 936 "http://localhost:8888/addUser" "Mozilla/5.0 (Macintosh; Intel Mac OS X 10_14_3) AppleWebKit/537.36 (KHTML, like Gecko) Chrome/73.0.3683.86 Safari/537.36"
[2019-04-15T22:59:50.940] [INFO] access - ::1 - - "GET /addUser HTTP/1.1" 200 2179 "" "Mozilla/5.0 (Macintosh; Intel Mac OS X 10_14_3) AppleWebKit/537.36 (KHTML, like Gecko) Chrome/73.0.3683.86 Safari/537.36"
[2019-04-15T22:59:50.986] [INFO] access - ::1 - - "GET /styles/common.css HTTP/1.1" 200 78 "http://localhost:8888/addUser" "Mozilla/5.0 (Macintosh; Intel Mac OS X 10_14_3) AppleWebKit/537.36 (KHTML, like Gecko) Chrome/73.0.3683.86 Safari/537.36"
[2019-04-15T22:59:50.987] [INFO] access - ::1 - - "GET /styles/user.css HTTP/1.1" 200 - "http://localhost:8888/addUser" "Mozilla/5.0 (Macintosh; Intel Mac OS X 10_14_3) AppleWebKit/537.36 (KHTML, like Gecko) Chrome/73.0.3683.86 Safari/537.36"
[2019-04-15T22:59:51.227] [INFO] access - ::1 - - "GET /js/user.js HTTP/1.1" 200 130 "http://localhost:8888/addUser" "Mozilla/5.0 (Macintosh; Intel Mac OS X 10_14_3) AppleWebKit/537.36 (KHTML, like Gecko) Chrome/73.0.3683.86 Safari/537.36"
[2019-04-15T23:00:02.245] [INFO] access - ::1 - - "GET /addUser HTTP/1.1" 200 2180 "" "Mozilla/5.0 (Macintosh; Intel Mac OS X 10_14_3) AppleWebKit/537.36 (KHTML, like Gecko) Chrome/73.0.3683.86 Safari/537.36"
[2019-04-15T23:00:02.291] [INFO] access - ::1 - - "GET /styles/user.css HTTP/1.1" 200 - "http://localhost:8888/addUser" "Mozilla/5.0 (Macintosh; Intel Mac OS X 10_14_3) AppleWebKit/537.36 (KHTML, like Gecko) Chrome/73.0.3683.86 Safari/537.36"
[2019-04-15T23:00:02.293] [INFO] access - ::1 - - "GET /styles/common.css HTTP/1.1" 200 78 "http://localhost:8888/addUser" "Mozilla/5.0 (Macintosh; Intel Mac OS X 10_14_3) AppleWebKit/537.36 (KHTML, like Gecko) Chrome/73.0.3683.86 Safari/537.36"
[2019-04-15T23:00:02.486] [INFO] access - ::1 - - "GET /js/user.js HTTP/1.1" 200 130 "http://localhost:8888/addUser" "Mozilla/5.0 (Macintosh; Intel Mac OS X 10_14_3) AppleWebKit/537.36 (KHTML, like Gecko) Chrome/73.0.3683.86 Safari/537.36"
[2019-04-15T23:00:03.335] [INFO] access - ::1 - - "GET /addUser HTTP/1.1" 200 2180 "" "Mozilla/5.0 (Macintosh; Intel Mac OS X 10_14_3) AppleWebKit/537.36 (KHTML, like Gecko) Chrome/73.0.3683.86 Safari/537.36"
[2019-04-15T23:00:03.371] [INFO] access - ::1 - - "GET /styles/common.css HTTP/1.1" 200 78 "http://localhost:8888/addUser" "Mozilla/5.0 (Macintosh; Intel Mac OS X 10_14_3) AppleWebKit/537.36 (KHTML, like Gecko) Chrome/73.0.3683.86 Safari/537.36"
[2019-04-15T23:00:03.373] [INFO] access - ::1 - - "GET /styles/user.css HTTP/1.1" 200 - "http://localhost:8888/addUser" "Mozilla/5.0 (Macintosh; Intel Mac OS X 10_14_3) AppleWebKit/537.36 (KHTML, like Gecko) Chrome/73.0.3683.86 Safari/537.36"
[2019-04-15T23:00:03.550] [INFO] access - ::1 - - "GET /js/user.js HTTP/1.1" 200 130 "http://localhost:8888/addUser" "Mozilla/5.0 (Macintosh; Intel Mac OS X 10_14_3) AppleWebKit/537.36 (KHTML, like Gecko) Chrome/73.0.3683.86 Safari/537.36"
[2019-04-15T23:00:22.492] [INFO] access - ::1 - - "GET /addUser HTTP/1.1" 200 2187 "" "Mozilla/5.0 (Macintosh; Intel Mac OS X 10_14_3) AppleWebKit/537.36 (KHTML, like Gecko) Chrome/73.0.3683.86 Safari/537.36"
[2019-04-15T23:00:22.535] [INFO] access - ::1 - - "GET /styles/common.css HTTP/1.1" 200 78 "http://localhost:8888/addUser" "Mozilla/5.0 (Macintosh; Intel Mac OS X 10_14_3) AppleWebKit/537.36 (KHTML, like Gecko) Chrome/73.0.3683.86 Safari/537.36"
[2019-04-15T23:00:22.536] [INFO] access - ::1 - - "GET /styles/user.css HTTP/1.1" 200 - "http://localhost:8888/addUser" "Mozilla/5.0 (Macintosh; Intel Mac OS X 10_14_3) AppleWebKit/537.36 (KHTML, like Gecko) Chrome/73.0.3683.86 Safari/537.36"
[2019-04-15T23:00:22.749] [INFO] access - ::1 - - "GET /js/user.js HTTP/1.1" 200 130 "http://localhost:8888/addUser" "Mozilla/5.0 (Macintosh; Intel Mac OS X 10_14_3) AppleWebKit/537.36 (KHTML, like Gecko) Chrome/73.0.3683.86 Safari/537.36"
[2019-04-15T23:01:02.933] [INFO] access - ::1 - - "GET /addUser HTTP/1.1" 200 2247 "" "Mozilla/5.0 (Macintosh; Intel Mac OS X 10_14_3) AppleWebKit/537.36 (KHTML, like Gecko) Chrome/73.0.3683.86 Safari/537.36"
[2019-04-15T23:01:02.972] [INFO] access - ::1 - - "GET /styles/common.css HTTP/1.1" 200 78 "http://localhost:8888/addUser" "Mozilla/5.0 (Macintosh; Intel Mac OS X 10_14_3) AppleWebKit/537.36 (KHTML, like Gecko) Chrome/73.0.3683.86 Safari/537.36"
[2019-04-15T23:01:02.972] [INFO] access - ::1 - - "GET /styles/user.css HTTP/1.1" 200 - "http://localhost:8888/addUser" "Mozilla/5.0 (Macintosh; Intel Mac OS X 10_14_3) AppleWebKit/537.36 (KHTML, like Gecko) Chrome/73.0.3683.86 Safari/537.36"
[2019-04-15T23:01:03.179] [INFO] access - ::1 - - "GET /js/user.js HTTP/1.1" 200 130 "http://localhost:8888/addUser" "Mozilla/5.0 (Macintosh; Intel Mac OS X 10_14_3) AppleWebKit/537.36 (KHTML, like Gecko) Chrome/73.0.3683.86 Safari/537.36"
[2019-04-15T23:01:07.439] [INFO] access - ::1 - - "GET /addUser HTTP/1.1" 200 2247 "" "Mozilla/5.0 (Macintosh; Intel Mac OS X 10_14_3) AppleWebKit/537.36 (KHTML, like Gecko) Chrome/73.0.3683.86 Safari/537.36"
[2019-04-15T23:01:07.476] [INFO] access - ::1 - - "GET /styles/common.css HTTP/1.1" 200 78 "http://localhost:8888/addUser" "Mozilla/5.0 (Macintosh; Intel Mac OS X 10_14_3) AppleWebKit/537.36 (KHTML, like Gecko) Chrome/73.0.3683.86 Safari/537.36"
[2019-04-15T23:01:07.477] [INFO] access - ::1 - - "GET /styles/user.css HTTP/1.1" 200 - "http://localhost:8888/addUser" "Mozilla/5.0 (Macintosh; Intel Mac OS X 10_14_3) AppleWebKit/537.36 (KHTML, like Gecko) Chrome/73.0.3683.86 Safari/537.36"
[2019-04-15T23:01:07.693] [INFO] access - ::1 - - "GET /js/user.js HTTP/1.1" 200 130 "http://localhost:8888/addUser" "Mozilla/5.0 (Macintosh; Intel Mac OS X 10_14_3) AppleWebKit/537.36 (KHTML, like Gecko) Chrome/73.0.3683.86 Safari/537.36"
[2019-04-15T23:01:13.277] [INFO] access - ::1 - - "GET /addUser HTTP/1.1" 200 2215 "" "Mozilla/5.0 (Macintosh; Intel Mac OS X 10_14_3) AppleWebKit/537.36 (KHTML, like Gecko) Chrome/73.0.3683.86 Safari/537.36"
[2019-04-15T23:01:13.321] [INFO] access - ::1 - - "GET /styles/common.css HTTP/1.1" 200 78 "http://localhost:8888/addUser" "Mozilla/5.0 (Macintosh; Intel Mac OS X 10_14_3) AppleWebKit/537.36 (KHTML, like Gecko) Chrome/73.0.3683.86 Safari/537.36"
[2019-04-15T23:01:13.322] [INFO] access - ::1 - - "GET /styles/user.css HTTP/1.1" 200 - "http://localhost:8888/addUser" "Mozilla/5.0 (Macintosh; Intel Mac OS X 10_14_3) AppleWebKit/537.36 (KHTML, like Gecko) Chrome/73.0.3683.86 Safari/537.36"
[2019-04-15T23:01:13.517] [INFO] access - ::1 - - "GET /js/user.js HTTP/1.1" 200 130 "http://localhost:8888/addUser" "Mozilla/5.0 (Macintosh; Intel Mac OS X 10_14_3) AppleWebKit/537.36 (KHTML, like Gecko) Chrome/73.0.3683.86 Safari/537.36"
[2019-04-15T23:03:28.401] [INFO] access - ::1 - - "GET /addUser HTTP/1.1" 200 2252 "" "Mozilla/5.0 (Macintosh; Intel Mac OS X 10_14_3) AppleWebKit/537.36 (KHTML, like Gecko) Chrome/73.0.3683.86 Safari/537.36"
[2019-04-15T23:03:28.442] [INFO] access - ::1 - - "GET /styles/common.css HTTP/1.1" 200 78 "http://localhost:8888/addUser" "Mozilla/5.0 (Macintosh; Intel Mac OS X 10_14_3) AppleWebKit/537.36 (KHTML, like Gecko) Chrome/73.0.3683.86 Safari/537.36"
[2019-04-15T23:03:28.442] [INFO] access - ::1 - - "GET /styles/user.css HTTP/1.1" 200 - "http://localhost:8888/addUser" "Mozilla/5.0 (Macintosh; Intel Mac OS X 10_14_3) AppleWebKit/537.36 (KHTML, like Gecko) Chrome/73.0.3683.86 Safari/537.36"
[2019-04-15T23:03:28.647] [INFO] access - ::1 - - "GET /js/user.js HTTP/1.1" 200 130 "http://localhost:8888/addUser" "Mozilla/5.0 (Macintosh; Intel Mac OS X 10_14_3) AppleWebKit/537.36 (KHTML, like Gecko) Chrome/73.0.3683.86 Safari/537.36"
[2019-04-15T23:06:52.843] [INFO] access - ::1 - - "GET /addUser HTTP/1.1" 200 2256 "" "Mozilla/5.0 (Macintosh; Intel Mac OS X 10_14_3) AppleWebKit/537.36 (KHTML, like Gecko) Chrome/73.0.3683.86 Safari/537.36"
[2019-04-15T23:06:52.923] [INFO] access - ::1 - - "GET /styles/common.css HTTP/1.1" 200 78 "http://localhost:8888/addUser" "Mozilla/5.0 (Macintosh; Intel Mac OS X 10_14_3) AppleWebKit/537.36 (KHTML, like Gecko) Chrome/73.0.3683.86 Safari/537.36"
[2019-04-15T23:06:52.925] [INFO] access - ::1 - - "GET /styles/user.css HTTP/1.1" 200 - "http://localhost:8888/addUser" "Mozilla/5.0 (Macintosh; Intel Mac OS X 10_14_3) AppleWebKit/537.36 (KHTML, like Gecko) Chrome/73.0.3683.86 Safari/537.36"
[2019-04-15T23:06:53.291] [INFO] access - ::1 - - "GET /js/user.js HTTP/1.1" 200 130 "http://localhost:8888/addUser" "Mozilla/5.0 (Macintosh; Intel Mac OS X 10_14_3) AppleWebKit/537.36 (KHTML, like Gecko) Chrome/73.0.3683.86 Safari/537.36"
[2019-04-15T23:20:46.475] [INFO] access - ::1 - - "GET /addUser HTTP/1.1" 200 2256 "" "Mozilla/5.0 (Macintosh; Intel Mac OS X 10_14_3) AppleWebKit/537.36 (KHTML, like Gecko) Chrome/73.0.3683.86 Safari/537.36"
[2019-04-15T23:20:46.528] [INFO] access - ::1 - - "GET /styles/common.css HTTP/1.1" 200 78 "http://localhost:8888/addUser" "Mozilla/5.0 (Macintosh; Intel Mac OS X 10_14_3) AppleWebKit/537.36 (KHTML, like Gecko) Chrome/73.0.3683.86 Safari/537.36"
[2019-04-15T23:20:46.530] [INFO] access - ::1 - - "GET /styles/user.css HTTP/1.1" 200 - "http://localhost:8888/addUser" "Mozilla/5.0 (Macintosh; Intel Mac OS X 10_14_3) AppleWebKit/537.36 (KHTML, like Gecko) Chrome/73.0.3683.86 Safari/537.36"
[2019-04-15T23:20:46.816] [INFO] access - ::1 - - "GET /js/user.js HTTP/1.1" 200 130 "http://localhost:8888/addUser" "Mozilla/5.0 (Macintosh; Intel Mac OS X 10_14_3) AppleWebKit/537.36 (KHTML, like Gecko) Chrome/73.0.3683.86 Safari/537.36"
[2019-04-15T23:22:40.023] [INFO] access - ::1 - - "GET /addUser HTTP/1.1" 200 2256 "" "Mozilla/5.0 (Macintosh; Intel Mac OS X 10_14_3) AppleWebKit/537.36 (KHTML, like Gecko) Chrome/73.0.3683.86 Safari/537.36"
[2019-04-15T23:22:40.074] [INFO] access - ::1 - - "GET /styles/common.css HTTP/1.1" 200 78 "http://localhost:8888/addUser" "Mozilla/5.0 (Macintosh; Intel Mac OS X 10_14_3) AppleWebKit/537.36 (KHTML, like Gecko) Chrome/73.0.3683.86 Safari/537.36"
[2019-04-15T23:22:40.075] [INFO] access - ::1 - - "GET /styles/user.css HTTP/1.1" 200 - "http://localhost:8888/addUser" "Mozilla/5.0 (Macintosh; Intel Mac OS X 10_14_3) AppleWebKit/537.36 (KHTML, like Gecko) Chrome/73.0.3683.86 Safari/537.36"
[2019-04-15T23:22:40.321] [INFO] access - ::1 - - "GET /js/user.js HTTP/1.1" 200 130 "http://localhost:8888/addUser" "Mozilla/5.0 (Macintosh; Intel Mac OS X 10_14_3) AppleWebKit/537.36 (KHTML, like Gecko) Chrome/73.0.3683.86 Safari/537.36"
[2019-04-15T23:23:05.121] [INFO] access - ::1 - - "GET /addUser HTTP/1.1" 200 2256 "" "Mozilla/5.0 (Macintosh; Intel Mac OS X 10_14_3) AppleWebKit/537.36 (KHTML, like Gecko) Chrome/73.0.3683.86 Safari/537.36"
[2019-04-15T23:23:05.169] [INFO] access - ::1 - - "GET /styles/common.css HTTP/1.1" 200 78 "http://localhost:8888/addUser" "Mozilla/5.0 (Macintosh; Intel Mac OS X 10_14_3) AppleWebKit/537.36 (KHTML, like Gecko) Chrome/73.0.3683.86 Safari/537.36"
[2019-04-15T23:23:05.181] [INFO] access - ::1 - - "GET /styles/user.css HTTP/1.1" 200 - "http://localhost:8888/addUser" "Mozilla/5.0 (Macintosh; Intel Mac OS X 10_14_3) AppleWebKit/537.36 (KHTML, like Gecko) Chrome/73.0.3683.86 Safari/537.36"
[2019-04-15T23:23:05.425] [INFO] access - ::1 - - "GET /js/user.js HTTP/1.1" 200 130 "http://localhost:8888/addUser" "Mozilla/5.0 (Macintosh; Intel Mac OS X 10_14_3) AppleWebKit/537.36 (KHTML, like Gecko) Chrome/73.0.3683.86 Safari/537.36"
[2019-04-15T23:24:35.780] [INFO] access - ::1 - - "GET /addUser HTTP/1.1" 200 2256 "" "Mozilla/5.0 (Macintosh; Intel Mac OS X 10_14_3) AppleWebKit/537.36 (KHTML, like Gecko) Chrome/73.0.3683.86 Safari/537.36"
[2019-04-15T23:24:35.926] [INFO] access - ::1 - - "GET /styles/common.css HTTP/1.1" 200 78 "http://localhost:8888/addUser" "Mozilla/5.0 (Macintosh; Intel Mac OS X 10_14_3) AppleWebKit/537.36 (KHTML, like Gecko) Chrome/73.0.3683.86 Safari/537.36"
[2019-04-15T23:24:35.930] [INFO] access - ::1 - - "GET /styles/user.css HTTP/1.1" 200 - "http://localhost:8888/addUser" "Mozilla/5.0 (Macintosh; Intel Mac OS X 10_14_3) AppleWebKit/537.36 (KHTML, like Gecko) Chrome/73.0.3683.86 Safari/537.36"
[2019-04-15T23:24:36.536] [INFO] access - ::1 - - "GET /js/user.js HTTP/1.1" 200 130 "http://localhost:8888/addUser" "Mozilla/5.0 (Macintosh; Intel Mac OS X 10_14_3) AppleWebKit/537.36 (KHTML, like Gecko) Chrome/73.0.3683.86 Safari/537.36"
[2019-04-15T23:25:17.863] [INFO] access - ::1 - - "GET /addUser HTTP/1.1" 200 2263 "" "Mozilla/5.0 (Macintosh; Intel Mac OS X 10_14_3) AppleWebKit/537.36 (KHTML, like Gecko) Chrome/73.0.3683.86 Safari/537.36"
[2019-04-15T23:25:17.925] [INFO] access - ::1 - - "GET /styles/common.css HTTP/1.1" 200 78 "http://localhost:8888/addUser" "Mozilla/5.0 (Macintosh; Intel Mac OS X 10_14_3) AppleWebKit/537.36 (KHTML, like Gecko) Chrome/73.0.3683.86 Safari/537.36"
[2019-04-15T23:25:17.928] [INFO] access - ::1 - - "GET /styles/user.css HTTP/1.1" 200 - "http://localhost:8888/addUser" "Mozilla/5.0 (Macintosh; Intel Mac OS X 10_14_3) AppleWebKit/537.36 (KHTML, like Gecko) Chrome/73.0.3683.86 Safari/537.36"
[2019-04-15T23:25:18.222] [INFO] access - ::1 - - "GET /js/user-bundle.js HTTP/1.1" 200 936 "http://localhost:8888/addUser" "Mozilla/5.0 (Macintosh; Intel Mac OS X 10_14_3) AppleWebKit/537.36 (KHTML, like Gecko) Chrome/73.0.3683.86 Safari/537.36"
[2019-04-15T23:25:44.763] [INFO] access - ::1 - - "GET /addUser HTTP/1.1" 200 2262 "" "Mozilla/5.0 (Macintosh; Intel Mac OS X 10_14_3) AppleWebKit/537.36 (KHTML, like Gecko) Chrome/73.0.3683.86 Safari/537.36"
[2019-04-15T23:25:44.811] [INFO] access - ::1 - - "GET /styles/common.css HTTP/1.1" 200 78 "http://localhost:8888/addUser" "Mozilla/5.0 (Macintosh; Intel Mac OS X 10_14_3) AppleWebKit/537.36 (KHTML, like Gecko) Chrome/73.0.3683.86 Safari/537.36"
[2019-04-15T23:25:44.812] [INFO] access - ::1 - - "GET /styles/user.css HTTP/1.1" 200 - "http://localhost:8888/addUser" "Mozilla/5.0 (Macintosh; Intel Mac OS X 10_14_3) AppleWebKit/537.36 (KHTML, like Gecko) Chrome/73.0.3683.86 Safari/537.36"
[2019-04-15T23:25:45.105] [INFO] access - ::1 - - "GET /js/user-bundle.js HTTP/1.1" 200 936 "http://localhost:8888/addUser" "Mozilla/5.0 (Macintosh; Intel Mac OS X 10_14_3) AppleWebKit/537.36 (KHTML, like Gecko) Chrome/73.0.3683.86 Safari/537.36"
[2019-04-15T23:25:48.978] [INFO] access - ::1 - - "GET /addUser HTTP/1.1" 200 2262 "" "Mozilla/5.0 (Macintosh; Intel Mac OS X 10_14_3) AppleWebKit/537.36 (KHTML, like Gecko) Chrome/73.0.3683.86 Safari/537.36"
[2019-04-15T23:25:49.019] [INFO] access - ::1 - - "GET /styles/common.css HTTP/1.1" 200 78 "http://localhost:8888/addUser" "Mozilla/5.0 (Macintosh; Intel Mac OS X 10_14_3) AppleWebKit/537.36 (KHTML, like Gecko) Chrome/73.0.3683.86 Safari/537.36"
[2019-04-15T23:25:49.020] [INFO] access - ::1 - - "GET /styles/user.css HTTP/1.1" 200 - "http://localhost:8888/addUser" "Mozilla/5.0 (Macintosh; Intel Mac OS X 10_14_3) AppleWebKit/537.36 (KHTML, like Gecko) Chrome/73.0.3683.86 Safari/537.36"
[2019-04-15T23:25:49.303] [INFO] access - ::1 - - "GET /js/user-bundle.js HTTP/1.1" 200 936 "http://localhost:8888/addUser" "Mozilla/5.0 (Macintosh; Intel Mac OS X 10_14_3) AppleWebKit/537.36 (KHTML, like Gecko) Chrome/73.0.3683.86 Safari/537.36"
[2019-04-15T23:27:04.456] [INFO] access - ::1 - - "GET /addUser HTTP/1.1" 200 2296 "" "Mozilla/5.0 (Macintosh; Intel Mac OS X 10_14_3) AppleWebKit/537.36 (KHTML, like Gecko) Chrome/73.0.3683.86 Safari/537.36"
[2019-04-15T23:27:04.588] [INFO] access - ::1 - - "GET /styles/common.css HTTP/1.1" 200 78 "http://localhost:8888/addUser" "Mozilla/5.0 (Macintosh; Intel Mac OS X 10_14_3) AppleWebKit/537.36 (KHTML, like Gecko) Chrome/73.0.3683.86 Safari/537.36"
[2019-04-15T23:27:04.591] [INFO] access - ::1 - - "GET /styles/user.css HTTP/1.1" 200 - "http://localhost:8888/addUser" "Mozilla/5.0 (Macintosh; Intel Mac OS X 10_14_3) AppleWebKit/537.36 (KHTML, like Gecko) Chrome/73.0.3683.86 Safari/537.36"
[2019-04-15T23:27:59.587] [INFO] access - ::1 - - "GET /addUser HTTP/1.1" 200 2382 "" "Mozilla/5.0 (Macintosh; Intel Mac OS X 10_14_3) AppleWebKit/537.36 (KHTML, like Gecko) Chrome/73.0.3683.86 Safari/537.36"
[2019-04-15T23:27:59.643] [INFO] access - ::1 - - "GET /styles/common.css HTTP/1.1" 200 78 "http://localhost:8888/addUser" "Mozilla/5.0 (Macintosh; Intel Mac OS X 10_14_3) AppleWebKit/537.36 (KHTML, like Gecko) Chrome/73.0.3683.86 Safari/537.36"
[2019-04-15T23:27:59.645] [INFO] access - ::1 - - "GET /styles/user.css HTTP/1.1" 200 - "http://localhost:8888/addUser" "Mozilla/5.0 (Macintosh; Intel Mac OS X 10_14_3) AppleWebKit/537.36 (KHTML, like Gecko) Chrome/73.0.3683.86 Safari/537.36"
[2019-04-15T23:27:59.885] [INFO] access - ::1 - - "GET /js/user.bundle.js HTTP/1.1" 200 1239 "http://localhost:8888/addUser" "Mozilla/5.0 (Macintosh; Intel Mac OS X 10_14_3) AppleWebKit/537.36 (KHTML, like Gecko) Chrome/73.0.3683.86 Safari/537.36"
[2019-04-15T23:28:09.474] [INFO] access - ::1 - - "GET /addUser HTTP/1.1" 200 2375 "" "Mozilla/5.0 (Macintosh; Intel Mac OS X 10_14_3) AppleWebKit/537.36 (KHTML, like Gecko) Chrome/73.0.3683.86 Safari/537.36"
[2019-04-15T23:28:09.523] [INFO] access - ::1 - - "GET /styles/common.css HTTP/1.1" 200 78 "http://localhost:8888/addUser" "Mozilla/5.0 (Macintosh; Intel Mac OS X 10_14_3) AppleWebKit/537.36 (KHTML, like Gecko) Chrome/73.0.3683.86 Safari/537.36"
[2019-04-15T23:28:09.530] [INFO] access - ::1 - - "GET /styles/user.css HTTP/1.1" 200 - "http://localhost:8888/addUser" "Mozilla/5.0 (Macintosh; Intel Mac OS X 10_14_3) AppleWebKit/537.36 (KHTML, like Gecko) Chrome/73.0.3683.86 Safari/537.36"
[2019-04-15T23:28:09.770] [INFO] access - ::1 - - "GET /js/user.js HTTP/1.1" 200 130 "http://localhost:8888/addUser" "Mozilla/5.0 (Macintosh; Intel Mac OS X 10_14_3) AppleWebKit/537.36 (KHTML, like Gecko) Chrome/73.0.3683.86 Safari/537.36"
[2019-04-15T23:28:10.612] [INFO] access - ::1 - - "GET /addUser HTTP/1.1" 200 2375 "" "Mozilla/5.0 (Macintosh; Intel Mac OS X 10_14_3) AppleWebKit/537.36 (KHTML, like Gecko) Chrome/73.0.3683.86 Safari/537.36"
[2019-04-15T23:28:10.662] [INFO] access - ::1 - - "GET /styles/common.css HTTP/1.1" 200 78 "http://localhost:8888/addUser" "Mozilla/5.0 (Macintosh; Intel Mac OS X 10_14_3) AppleWebKit/537.36 (KHTML, like Gecko) Chrome/73.0.3683.86 Safari/537.36"
[2019-04-15T23:28:10.663] [INFO] access - ::1 - - "GET /styles/user.css HTTP/1.1" 200 - "http://localhost:8888/addUser" "Mozilla/5.0 (Macintosh; Intel Mac OS X 10_14_3) AppleWebKit/537.36 (KHTML, like Gecko) Chrome/73.0.3683.86 Safari/537.36"
[2019-04-15T23:28:10.903] [INFO] access - ::1 - - "GET /js/user.js HTTP/1.1" 200 130 "http://localhost:8888/addUser" "Mozilla/5.0 (Macintosh; Intel Mac OS X 10_14_3) AppleWebKit/537.36 (KHTML, like Gecko) Chrome/73.0.3683.86 Safari/537.36"
[2019-04-15T23:28:12.608] [INFO] access - ::1 - - "GET /addUser HTTP/1.1" 200 2375 "" "Mozilla/5.0 (Macintosh; Intel Mac OS X 10_14_3) AppleWebKit/537.36 (KHTML, like Gecko) Chrome/73.0.3683.86 Safari/537.36"
[2019-04-15T23:28:12.650] [INFO] access - ::1 - - "GET /styles/common.css HTTP/1.1" 200 78 "http://localhost:8888/addUser" "Mozilla/5.0 (Macintosh; Intel Mac OS X 10_14_3) AppleWebKit/537.36 (KHTML, like Gecko) Chrome/73.0.3683.86 Safari/537.36"
[2019-04-15T23:28:12.651] [INFO] access - ::1 - - "GET /styles/user.css HTTP/1.1" 200 - "http://localhost:8888/addUser" "Mozilla/5.0 (Macintosh; Intel Mac OS X 10_14_3) AppleWebKit/537.36 (KHTML, like Gecko) Chrome/73.0.3683.86 Safari/537.36"
[2019-04-15T23:28:12.917] [INFO] access - ::1 - - "GET /js/user.js HTTP/1.1" 200 130 "http://localhost:8888/addUser" "Mozilla/5.0 (Macintosh; Intel Mac OS X 10_14_3) AppleWebKit/537.36 (KHTML, like Gecko) Chrome/73.0.3683.86 Safari/537.36"
[2019-04-15T23:28:19.983] [INFO] access - ::1 - - "GET /addUser HTTP/1.1" 200 2382 "" "Mozilla/5.0 (Macintosh; Intel Mac OS X 10_14_3) AppleWebKit/537.36 (KHTML, like Gecko) Chrome/73.0.3683.86 Safari/537.36"
[2019-04-15T23:28:20.031] [INFO] access - ::1 - - "GET /styles/common.css HTTP/1.1" 200 78 "http://localhost:8888/addUser" "Mozilla/5.0 (Macintosh; Intel Mac OS X 10_14_3) AppleWebKit/537.36 (KHTML, like Gecko) Chrome/73.0.3683.86 Safari/537.36"
[2019-04-15T23:28:20.032] [INFO] access - ::1 - - "GET /styles/user.css HTTP/1.1" 200 - "http://localhost:8888/addUser" "Mozilla/5.0 (Macintosh; Intel Mac OS X 10_14_3) AppleWebKit/537.36 (KHTML, like Gecko) Chrome/73.0.3683.86 Safari/537.36"
[2019-04-15T23:28:20.290] [INFO] access - ::1 - - "GET /js/user.bundle.js HTTP/1.1" 200 1239 "http://localhost:8888/addUser" "Mozilla/5.0 (Macintosh; Intel Mac OS X 10_14_3) AppleWebKit/537.36 (KHTML, like Gecko) Chrome/73.0.3683.86 Safari/537.36"
[2019-04-15T23:28:55.347] [INFO] access - ::1 - - "GET /addUser HTTP/1.1" 200 2442 "" "Mozilla/5.0 (Macintosh; Intel Mac OS X 10_14_3) AppleWebKit/537.36 (KHTML, like Gecko) Chrome/73.0.3683.86 Safari/537.36"
[2019-04-15T23:28:55.399] [INFO] access - ::1 - - "GET /styles/common.css HTTP/1.1" 200 78 "http://localhost:8888/addUser" "Mozilla/5.0 (Macintosh; Intel Mac OS X 10_14_3) AppleWebKit/537.36 (KHTML, like Gecko) Chrome/73.0.3683.86 Safari/537.36"
[2019-04-15T23:28:55.401] [INFO] access - ::1 - - "GET /styles/user.css HTTP/1.1" 200 - "http://localhost:8888/addUser" "Mozilla/5.0 (Macintosh; Intel Mac OS X 10_14_3) AppleWebKit/537.36 (KHTML, like Gecko) Chrome/73.0.3683.86 Safari/537.36"
[2019-04-15T23:28:55.627] [INFO] access - ::1 - - "GET /js/user.bundle.js HTTP/1.1" 200 1239 "http://localhost:8888/addUser" "Mozilla/5.0 (Macintosh; Intel Mac OS X 10_14_3) AppleWebKit/537.36 (KHTML, like Gecko) Chrome/73.0.3683.86 Safari/537.36"
[2019-04-15T23:29:21.341] [INFO] access - ::1 - - "GET /addUser HTTP/1.1" 200 2323 "" "Mozilla/5.0 (Macintosh; Intel Mac OS X 10_14_3) AppleWebKit/537.36 (KHTML, like Gecko) Chrome/73.0.3683.86 Safari/537.36"
[2019-04-15T23:29:21.386] [INFO] access - ::1 - - "GET /styles/common.css HTTP/1.1" 200 78 "http://localhost:8888/addUser" "Mozilla/5.0 (Macintosh; Intel Mac OS X 10_14_3) AppleWebKit/537.36 (KHTML, like Gecko) Chrome/73.0.3683.86 Safari/537.36"
[2019-04-15T23:29:21.388] [INFO] access - ::1 - - "GET /styles/user.css HTTP/1.1" 200 - "http://localhost:8888/addUser" "Mozilla/5.0 (Macintosh; Intel Mac OS X 10_14_3) AppleWebKit/537.36 (KHTML, like Gecko) Chrome/73.0.3683.86 Safari/537.36"
[2019-04-15T23:29:21.640] [INFO] access - ::1 - - "GET /js/user.bundle.js HTTP/1.1" 200 1239 "http://localhost:8888/addUser" "Mozilla/5.0 (Macintosh; Intel Mac OS X 10_14_3) AppleWebKit/537.36 (KHTML, like Gecko) Chrome/73.0.3683.86 Safari/537.36"
[2019-04-15T23:31:55.091] [INFO] access - ::1 - - "GET /addUser HTTP/1.1" 200 2295 "" "Mozilla/5.0 (Macintosh; Intel Mac OS X 10_14_3) AppleWebKit/537.36 (KHTML, like Gecko) Chrome/73.0.3683.86 Safari/537.36"
[2019-04-15T23:31:55.137] [INFO] access - ::1 - - "GET /styles/common.css HTTP/1.1" 200 78 "http://localhost:8888/addUser" "Mozilla/5.0 (Macintosh; Intel Mac OS X 10_14_3) AppleWebKit/537.36 (KHTML, like Gecko) Chrome/73.0.3683.86 Safari/537.36"
[2019-04-15T23:31:55.138] [INFO] access - ::1 - - "GET /styles/user.css HTTP/1.1" 200 - "http://localhost:8888/addUser" "Mozilla/5.0 (Macintosh; Intel Mac OS X 10_14_3) AppleWebKit/537.36 (KHTML, like Gecko) Chrome/73.0.3683.86 Safari/537.36"
[2019-04-15T23:31:55.373] [INFO] access - ::1 - - "GET /js/user.bundle.js HTTP/1.1" 200 1239 "http://localhost:8888/addUser" "Mozilla/5.0 (Macintosh; Intel Mac OS X 10_14_3) AppleWebKit/537.36 (KHTML, like Gecko) Chrome/73.0.3683.86 Safari/537.36"
[2019-04-15T23:31:57.504] [INFO] access - ::1 - - "GET /addUser HTTP/1.1" 200 2295 "" "Mozilla/5.0 (Macintosh; Intel Mac OS X 10_14_3) AppleWebKit/537.36 (KHTML, like Gecko) Chrome/73.0.3683.86 Safari/537.36"
[2019-04-15T23:31:57.545] [INFO] access - ::1 - - "GET /styles/common.css HTTP/1.1" 200 78 "http://localhost:8888/addUser" "Mozilla/5.0 (Macintosh; Intel Mac OS X 10_14_3) AppleWebKit/537.36 (KHTML, like Gecko) Chrome/73.0.3683.86 Safari/537.36"
[2019-04-15T23:31:57.546] [INFO] access - ::1 - - "GET /styles/user.css HTTP/1.1" 200 - "http://localhost:8888/addUser" "Mozilla/5.0 (Macintosh; Intel Mac OS X 10_14_3) AppleWebKit/537.36 (KHTML, like Gecko) Chrome/73.0.3683.86 Safari/537.36"
[2019-04-15T23:31:57.714] [INFO] access - ::1 - - "GET /js/user.bundle.js HTTP/1.1" 200 1239 "http://localhost:8888/addUser" "Mozilla/5.0 (Macintosh; Intel Mac OS X 10_14_3) AppleWebKit/537.36 (KHTML, like Gecko) Chrome/73.0.3683.86 Safari/537.36"
[2019-04-15T23:31:58.433] [INFO] access - ::1 - - "GET /addUser HTTP/1.1" 200 2295 "" "Mozilla/5.0 (Macintosh; Intel Mac OS X 10_14_3) AppleWebKit/537.36 (KHTML, like Gecko) Chrome/73.0.3683.86 Safari/537.36"
[2019-04-15T23:31:58.470] [INFO] access - ::1 - - "GET /styles/common.css HTTP/1.1" 200 78 "http://localhost:8888/addUser" "Mozilla/5.0 (Macintosh; Intel Mac OS X 10_14_3) AppleWebKit/537.36 (KHTML, like Gecko) Chrome/73.0.3683.86 Safari/537.36"
[2019-04-15T23:31:58.471] [INFO] access - ::1 - - "GET /styles/user.css HTTP/1.1" 200 - "http://localhost:8888/addUser" "Mozilla/5.0 (Macintosh; Intel Mac OS X 10_14_3) AppleWebKit/537.36 (KHTML, like Gecko) Chrome/73.0.3683.86 Safari/537.36"
[2019-04-15T23:31:58.651] [INFO] access - ::1 - - "GET /js/user.bundle.js HTTP/1.1" 200 1239 "http://localhost:8888/addUser" "Mozilla/5.0 (Macintosh; Intel Mac OS X 10_14_3) AppleWebKit/537.36 (KHTML, like Gecko) Chrome/73.0.3683.86 Safari/537.36"
[2019-04-15T23:31:59.077] [INFO] access - ::1 - - "GET /addUser HTTP/1.1" 200 2295 "" "Mozilla/5.0 (Macintosh; Intel Mac OS X 10_14_3) AppleWebKit/537.36 (KHTML, like Gecko) Chrome/73.0.3683.86 Safari/537.36"
[2019-04-15T23:31:59.107] [INFO] access - ::1 - - "GET /styles/common.css HTTP/1.1" 200 78 "http://localhost:8888/addUser" "Mozilla/5.0 (Macintosh; Intel Mac OS X 10_14_3) AppleWebKit/537.36 (KHTML, like Gecko) Chrome/73.0.3683.86 Safari/537.36"
[2019-04-15T23:31:59.110] [INFO] access - ::1 - - "GET /styles/user.css HTTP/1.1" 200 - "http://localhost:8888/addUser" "Mozilla/5.0 (Macintosh; Intel Mac OS X 10_14_3) AppleWebKit/537.36 (KHTML, like Gecko) Chrome/73.0.3683.86 Safari/537.36"
[2019-04-15T23:31:59.318] [INFO] access - ::1 - - "GET /js/user.bundle.js HTTP/1.1" 200 1239 "http://localhost:8888/addUser" "Mozilla/5.0 (Macintosh; Intel Mac OS X 10_14_3) AppleWebKit/537.36 (KHTML, like Gecko) Chrome/73.0.3683.86 Safari/537.36"
[2019-04-15T23:31:59.688] [INFO] access - ::1 - - "GET /addUser HTTP/1.1" 200 2295 "" "Mozilla/5.0 (Macintosh; Intel Mac OS X 10_14_3) AppleWebKit/537.36 (KHTML, like Gecko) Chrome/73.0.3683.86 Safari/537.36"
[2019-04-15T23:31:59.712] [INFO] access - ::1 - - "GET /styles/common.css HTTP/1.1" 200 78 "http://localhost:8888/addUser" "Mozilla/5.0 (Macintosh; Intel Mac OS X 10_14_3) AppleWebKit/537.36 (KHTML, like Gecko) Chrome/73.0.3683.86 Safari/537.36"
[2019-04-15T23:31:59.717] [INFO] access - ::1 - - "GET /styles/user.css HTTP/1.1" 200 - "http://localhost:8888/addUser" "Mozilla/5.0 (Macintosh; Intel Mac OS X 10_14_3) AppleWebKit/537.36 (KHTML, like Gecko) Chrome/73.0.3683.86 Safari/537.36"
[2019-04-15T23:31:59.910] [INFO] access - ::1 - - "GET /js/user.bundle.js HTTP/1.1" 200 1239 "http://localhost:8888/addUser" "Mozilla/5.0 (Macintosh; Intel Mac OS X 10_14_3) AppleWebKit/537.36 (KHTML, like Gecko) Chrome/73.0.3683.86 Safari/537.36"
[2019-04-15T23:32:00.337] [INFO] access - ::1 - - "GET /addUser HTTP/1.1" 200 2295 "" "Mozilla/5.0 (Macintosh; Intel Mac OS X 10_14_3) AppleWebKit/537.36 (KHTML, like Gecko) Chrome/73.0.3683.86 Safari/537.36"
[2019-04-15T23:32:00.373] [INFO] access - ::1 - - "GET /styles/common.css HTTP/1.1" 200 78 "http://localhost:8888/addUser" "Mozilla/5.0 (Macintosh; Intel Mac OS X 10_14_3) AppleWebKit/537.36 (KHTML, like Gecko) Chrome/73.0.3683.86 Safari/537.36"
[2019-04-15T23:32:00.374] [INFO] access - ::1 - - "GET /styles/user.css HTTP/1.1" 200 - "http://localhost:8888/addUser" "Mozilla/5.0 (Macintosh; Intel Mac OS X 10_14_3) AppleWebKit/537.36 (KHTML, like Gecko) Chrome/73.0.3683.86 Safari/537.36"
[2019-04-15T23:32:00.555] [INFO] access - ::1 - - "GET /js/user.bundle.js HTTP/1.1" 200 1239 "http://localhost:8888/addUser" "Mozilla/5.0 (Macintosh; Intel Mac OS X 10_14_3) AppleWebKit/537.36 (KHTML, like Gecko) Chrome/73.0.3683.86 Safari/537.36"
[2019-04-15T23:32:14.598] [INFO] access - ::1 - - "GET /addUser HTTP/1.1" 200 2305 "" "Mozilla/5.0 (Macintosh; Intel Mac OS X 10_14_3) AppleWebKit/537.36 (KHTML, like Gecko) Chrome/73.0.3683.86 Safari/537.36"
[2019-04-15T23:32:14.661] [INFO] access - ::1 - - "GET /styles/common.css HTTP/1.1" 200 78 "http://localhost:8888/addUser" "Mozilla/5.0 (Macintosh; Intel Mac OS X 10_14_3) AppleWebKit/537.36 (KHTML, like Gecko) Chrome/73.0.3683.86 Safari/537.36"
[2019-04-15T23:32:14.664] [INFO] access - ::1 - - "GET /styles/user.css HTTP/1.1" 200 - "http://localhost:8888/addUser" "Mozilla/5.0 (Macintosh; Intel Mac OS X 10_14_3) AppleWebKit/537.36 (KHTML, like Gecko) Chrome/73.0.3683.86 Safari/537.36"
[2019-04-15T23:32:14.899] [INFO] access - ::1 - - "GET /js/user.bundle.js HTTP/1.1" 200 1239 "http://localhost:8888/addUser" "Mozilla/5.0 (Macintosh; Intel Mac OS X 10_14_3) AppleWebKit/537.36 (KHTML, like Gecko) Chrome/73.0.3683.86 Safari/537.36"
[2019-04-15T23:32:59.602] [INFO] access - ::1 - - "GET /addUser HTTP/1.1" 200 2294 "" "Mozilla/5.0 (Macintosh; Intel Mac OS X 10_14_3) AppleWebKit/537.36 (KHTML, like Gecko) Chrome/73.0.3683.86 Safari/537.36"
[2019-04-15T23:32:59.667] [INFO] access - ::1 - - "GET /styles/common.css HTTP/1.1" 200 78 "http://localhost:8888/addUser" "Mozilla/5.0 (Macintosh; Intel Mac OS X 10_14_3) AppleWebKit/537.36 (KHTML, like Gecko) Chrome/73.0.3683.86 Safari/537.36"
[2019-04-15T23:32:59.668] [INFO] access - ::1 - - "GET /styles/user.css HTTP/1.1" 200 - "http://localhost:8888/addUser" "Mozilla/5.0 (Macintosh; Intel Mac OS X 10_14_3) AppleWebKit/537.36 (KHTML, like Gecko) Chrome/73.0.3683.86 Safari/537.36"
[2019-04-15T23:32:59.940] [INFO] access - ::1 - - "GET /js/user.js HTTP/1.1" 200 130 "http://localhost:8888/addUser" "Mozilla/5.0 (Macintosh; Intel Mac OS X 10_14_3) AppleWebKit/537.36 (KHTML, like Gecko) Chrome/73.0.3683.86 Safari/537.36"
[2019-04-15T23:33:16.615] [INFO] access - ::1 - - "GET /addUser HTTP/1.1" 200 2294 "" "Mozilla/5.0 (Macintosh; Intel Mac OS X 10_14_3) AppleWebKit/605.1.15 (KHTML, like Gecko) Version/12.0.3 Safari/605.1.15"
[2019-04-15T23:33:16.635] [INFO] access - ::1 - - "GET /styles/common.css HTTP/1.1" 200 78 "http://localhost:8888/addUser" "Mozilla/5.0 (Macintosh; Intel Mac OS X 10_14_3) AppleWebKit/605.1.15 (KHTML, like Gecko) Version/12.0.3 Safari/605.1.15"
[2019-04-15T23:33:16.643] [INFO] access - ::1 - - "GET /styles/user.css HTTP/1.1" 200 - "http://localhost:8888/addUser" "Mozilla/5.0 (Macintosh; Intel Mac OS X 10_14_3) AppleWebKit/605.1.15 (KHTML, like Gecko) Version/12.0.3 Safari/605.1.15"
[2019-04-15T23:33:16.825] [INFO] access - ::1 - - "GET /js/user.js HTTP/1.1" 200 130 "http://localhost:8888/addUser" "Mozilla/5.0 (Macintosh; Intel Mac OS X 10_14_3) AppleWebKit/605.1.15 (KHTML, like Gecko) Version/12.0.3 Safari/605.1.15"
[2019-04-15T23:33:17.038] [INFO] access - ::1 - - "GET /favicon.ico HTTP/1.1" 200 936 "http://localhost:8888/addUser" "Mozilla/5.0 (Macintosh; Intel Mac OS X 10_14_3) AppleWebKit/605.1.15 (KHTML, like Gecko) Version/12.0.3 Safari/605.1.15"
[2019-04-15T23:33:32.275] [INFO] access - ::1 - - "GET /addUser HTTP/1.1" 200 2294 "" "Mozilla/5.0 (Macintosh; Intel Mac OS X 10_14_3) AppleWebKit/605.1.15 (KHTML, like Gecko) Version/12.0.3 Safari/605.1.15"
[2019-04-15T23:33:32.279] [INFO] access - ::1 - - "GET /styles/user.css HTTP/1.1" 200 - "http://localhost:8888/addUser" "Mozilla/5.0 (Macintosh; Intel Mac OS X 10_14_3) AppleWebKit/605.1.15 (KHTML, like Gecko) Version/12.0.3 Safari/605.1.15"
[2019-04-15T23:33:32.280] [INFO] access - ::1 - - "GET /styles/common.css HTTP/1.1" 200 78 "http://localhost:8888/addUser" "Mozilla/5.0 (Macintosh; Intel Mac OS X 10_14_3) AppleWebKit/605.1.15 (KHTML, like Gecko) Version/12.0.3 Safari/605.1.15"
[2019-04-15T23:33:32.282] [INFO] access - ::1 - - "GET /js/user.js HTTP/1.1" 200 130 "http://localhost:8888/addUser" "Mozilla/5.0 (Macintosh; Intel Mac OS X 10_14_3) AppleWebKit/605.1.15 (KHTML, like Gecko) Version/12.0.3 Safari/605.1.15"
[2019-04-15T23:33:32.304] [INFO] access - ::1 - - "GET /styles/common.css HTTP/1.1" 200 78 "http://localhost:8888/addUser" "Mozilla/5.0 (Macintosh; Intel Mac OS X 10_14_3) AppleWebKit/605.1.15 (KHTML, like Gecko) Version/12.0.3 Safari/605.1.15"
[2019-04-15T23:33:32.304] [INFO] access - ::1 - - "GET /styles/user.css HTTP/1.1" 200 - "http://localhost:8888/addUser" "Mozilla/5.0 (Macintosh; Intel Mac OS X 10_14_3) AppleWebKit/605.1.15 (KHTML, like Gecko) Version/12.0.3 Safari/605.1.15"
[2019-04-15T23:33:32.361] [INFO] access - ::1 - - "GET /js/user.js HTTP/1.1" 200 130 "http://localhost:8888/addUser" "Mozilla/5.0 (Macintosh; Intel Mac OS X 10_14_3) AppleWebKit/605.1.15 (KHTML, like Gecko) Version/12.0.3 Safari/605.1.15"
