[2019-04-12T23:00:39.711] [ERROR] application - ReferenceError: a is not defined
    at app.use (/Users/tougou/workspace/node_project/koa-project/middleware/errorHandler.js:30:17)
[2019-04-12T23:19:47.455] [ERROR] application - { [Error: ENOENT: no such file or directory, open '/Users/tougou/workspace/node_project/koa-project/Users/tougou/workspace/node_project/koa-project/views/404.html']
  errno: -2,
  code: 'ENOENT',
  syscall: 'open',
  path:
   '/Users/tougou/workspace/node_project/koa-project/Users/tougou/workspace/node_project/koa-project/views/404.html' }
[2019-04-12T23:19:51.011] [ERROR] application - { [Error: ENOENT: no such file or directory, open '/Users/tougou/workspace/node_project/koa-project/Users/tougou/workspace/node_project/koa-project/views/404.html']
  errno: -2,
  code: 'ENOENT',
  syscall: 'open',
  path:
   '/Users/tougou/workspace/node_project/koa-project/Users/tougou/workspace/node_project/koa-project/views/404.html' }
[2019-04-12T23:20:29.044] [ERROR] application - { [Error: ENOENT: no such file or directory, open '/Users/tougou/workspace/node_project/koa-project/Users/tougou/workspace/node_project/koa-project/views/404.html']
  errno: -2,
  code: 'ENOENT',
  syscall: 'open',
  path:
   '/Users/tougou/workspace/node_project/koa-project/Users/tougou/workspace/node_project/koa-project/views/404.html' }
